Analysis & Synthesis report for VGA_driver
Wed Jan 22 16:28:23 2020
Quartus Prime Version 18.1.0 Build 625 09/12/2018 SJ Lite Edition


---------------------
; Table of Contents ;
---------------------
  1. Legal Notice
  2. Analysis & Synthesis Summary
  3. Analysis & Synthesis Settings
  4. Parallel Compilation
  5. Analysis & Synthesis Source Files Read
  6. Analysis & Synthesis Resource Usage Summary
  7. Analysis & Synthesis Resource Utilization by Entity
  8. Analysis & Synthesis RAM Summary
  9. Analysis & Synthesis IP Cores Summary
 10. Registers Removed During Synthesis
 11. General Register Statistics
 12. Multiplexer Restructuring Statistics (Restructuring Performed)
 13. Source assignments for mem_device:U_MEM_DEV|r1p:U_MEM|altsyncram:altsyncram_component|altsyncram_htr3:auto_generated
 14. Parameter Settings for User Entity Instance: mem_device:U_MEM_DEV
 15. Parameter Settings for User Entity Instance: mem_device:U_MEM_DEV|r1p:U_MEM|altsyncram:altsyncram_component
 16. altsyncram Parameter Settings by Entity Instance
 17. Port Connectivity Checks: "mem_device:U_MEM_DEV|r1p:U_MEM"
 18. Port Connectivity Checks: "sync_gen:U_SYNC_GEN"
 19. Port Connectivity Checks: "clk_div:U_CLK"
 20. Post-Synthesis Netlist Statistics for Top Partition
 21. Elapsed Time Per Partition
 22. Analysis & Synthesis Messages



----------------
; Legal Notice ;
----------------
Copyright (C) 2018  Intel Corporation. All rights reserved.
Your use of Intel Corporation's design tools, logic functions 
and other software and tools, and its AMPP partner logic 
functions, and any output files from any of the foregoing 
(including device programming or simulation files), and any 
associated documentation or information are expressly subject 
to the terms and conditions of the Intel Program License 
Subscription Agreement, the Intel Quartus Prime License Agreement,
the Intel FPGA IP License Agreement, or other applicable license
agreement, including, without limitation, that your use is for
the sole purpose of programming logic devices manufactured by
Intel and sold by Intel or its authorized distributors.  Please
refer to the applicable agreement for further details.



+----------------------------------------------------------------------------------+
; Analysis & Synthesis Summary                                                     ;
+------------------------------------+---------------------------------------------+
; Analysis & Synthesis Status        ; Successful - Wed Jan 22 16:28:23 2020       ;
; Quartus Prime Version              ; 18.1.0 Build 625 09/12/2018 SJ Lite Edition ;
; Revision Name                      ; VGA_driver                                  ;
; Top-level Entity Name              ; vga                                         ;
; Family                             ; MAX 10                                      ;
; Total logic elements               ; 136                                         ;
;     Total combinational functions  ; 136                                         ;
;     Dedicated logic registers      ; 24                                          ;
; Total registers                    ; 24                                          ;
; Total pins                         ; 14                                          ;
; Total virtual pins                 ; 0                                           ;
; Total memory bits                  ; 786,432                                     ;
; Embedded Multiplier 9-bit elements ; 0                                           ;
; Total PLLs                         ; 0                                           ;
; UFM blocks                         ; 0                                           ;
; ADC blocks                         ; 0                                           ;
+------------------------------------+---------------------------------------------+


+------------------------------------------------------------------------------------------------------------+
; Analysis & Synthesis Settings                                                                              ;
+------------------------------------------------------------------+--------------------+--------------------+
; Option                                                           ; Setting            ; Default Value      ;
+------------------------------------------------------------------+--------------------+--------------------+
; Device                                                           ; 10M50DAF484C7G     ;                    ;
; Top-level entity name                                            ; vga                ; VGA_driver         ;
; Family name                                                      ; MAX 10             ; Cyclone V          ;
; Maximum processors allowed for parallel compilation              ; All                ;                    ;
; Use smart compilation                                            ; Off                ; Off                ;
; Enable parallel Assembler and Timing Analyzer during compilation ; On                 ; On                 ;
; Enable compact report table                                      ; Off                ; Off                ;
; Restructure Multiplexers                                         ; Auto               ; Auto               ;
; Create Debugging Nodes for IP Cores                              ; Off                ; Off                ;
; Preserve fewer node names                                        ; On                 ; On                 ;
; Intel FPGA IP Evaluation Mode                                    ; Enable             ; Enable             ;
; Verilog Version                                                  ; Verilog_2001       ; Verilog_2001       ;
; VHDL Version                                                     ; VHDL_1993          ; VHDL_1993          ;
; State Machine Processing                                         ; Auto               ; Auto               ;
; Safe State Machine                                               ; Off                ; Off                ;
; Extract Verilog State Machines                                   ; On                 ; On                 ;
; Extract VHDL State Machines                                      ; On                 ; On                 ;
; Ignore Verilog initial constructs                                ; Off                ; Off                ;
; Iteration limit for constant Verilog loops                       ; 5000               ; 5000               ;
; Iteration limit for non-constant Verilog loops                   ; 250                ; 250                ;
; Add Pass-Through Logic to Inferred RAMs                          ; On                 ; On                 ;
; Infer RAMs from Raw Logic                                        ; On                 ; On                 ;
; Parallel Synthesis                                               ; On                 ; On                 ;
; DSP Block Balancing                                              ; Auto               ; Auto               ;
; NOT Gate Push-Back                                               ; On                 ; On                 ;
; Power-Up Don't Care                                              ; On                 ; On                 ;
; Remove Redundant Logic Cells                                     ; Off                ; Off                ;
; Remove Duplicate Registers                                       ; On                 ; On                 ;
; Ignore CARRY Buffers                                             ; Off                ; Off                ;
; Ignore CASCADE Buffers                                           ; Off                ; Off                ;
; Ignore GLOBAL Buffers                                            ; Off                ; Off                ;
; Ignore ROW GLOBAL Buffers                                        ; Off                ; Off                ;
; Ignore LCELL Buffers                                             ; Off                ; Off                ;
; Ignore SOFT Buffers                                              ; On                 ; On                 ;
; Limit AHDL Integers to 32 Bits                                   ; Off                ; Off                ;
; Optimization Technique                                           ; Balanced           ; Balanced           ;
; Carry Chain Length                                               ; 70                 ; 70                 ;
; Auto Carry Chains                                                ; On                 ; On                 ;
; Auto Open-Drain Pins                                             ; On                 ; On                 ;
; Perform WYSIWYG Primitive Resynthesis                            ; Off                ; Off                ;
; Auto ROM Replacement                                             ; On                 ; On                 ;
; Auto RAM Replacement                                             ; On                 ; On                 ;
; Auto DSP Block Replacement                                       ; On                 ; On                 ;
; Auto Shift Register Replacement                                  ; Auto               ; Auto               ;
; Allow Shift Register Merging across Hierarchies                  ; Auto               ; Auto               ;
; Auto Clock Enable Replacement                                    ; On                 ; On                 ;
; Strict RAM Replacement                                           ; Off                ; Off                ;
; Allow Synchronous Control Signals                                ; On                 ; On                 ;
; Force Use of Synchronous Clear Signals                           ; Off                ; Off                ;
; Auto RAM Block Balancing                                         ; On                 ; On                 ;
; Auto RAM to Logic Cell Conversion                                ; Off                ; Off                ;
; Auto Resource Sharing                                            ; Off                ; Off                ;
; Allow Any RAM Size For Recognition                               ; Off                ; Off                ;
; Allow Any ROM Size For Recognition                               ; Off                ; Off                ;
; Allow Any Shift Register Size For Recognition                    ; Off                ; Off                ;
; Use LogicLock Constraints during Resource Balancing              ; On                 ; On                 ;
; Ignore translate_off and synthesis_off directives                ; Off                ; Off                ;
; Timing-Driven Synthesis                                          ; On                 ; On                 ;
; Report Parameter Settings                                        ; On                 ; On                 ;
; Report Source Assignments                                        ; On                 ; On                 ;
; Report Connectivity Checks                                       ; On                 ; On                 ;
; Ignore Maximum Fan-Out Assignments                               ; Off                ; Off                ;
; Synchronization Register Chain Length                            ; 2                  ; 2                  ;
; Power Optimization During Synthesis                              ; Normal compilation ; Normal compilation ;
; HDL message level                                                ; Level2             ; Level2             ;
; Suppress Register Optimization Related Messages                  ; Off                ; Off                ;
; Number of Removed Registers Reported in Synthesis Report         ; 5000               ; 5000               ;
; Number of Swept Nodes Reported in Synthesis Report               ; 5000               ; 5000               ;
; Number of Inverted Registers Reported in Synthesis Report        ; 100                ; 100                ;
; Clock MUX Protection                                             ; On                 ; On                 ;
; Auto Gated Clock Conversion                                      ; Off                ; Off                ;
; Block Design Naming                                              ; Auto               ; Auto               ;
; SDC constraint protection                                        ; Off                ; Off                ;
; Synthesis Effort                                                 ; Auto               ; Auto               ;
; Shift Register Replacement - Allow Asynchronous Clear Signal     ; On                 ; On                 ;
; Pre-Mapping Resynthesis Optimization                             ; Off                ; Off                ;
; Analysis & Synthesis Message Level                               ; Medium             ; Medium             ;
; Disable Register Merging Across Hierarchies                      ; Auto               ; Auto               ;
; Resource Aware Inference For Block RAM                           ; On                 ; On                 ;
+------------------------------------------------------------------+--------------------+--------------------+


+------------------------------------------+
; Parallel Compilation                     ;
+----------------------------+-------------+
; Processors                 ; Number      ;
+----------------------------+-------------+
; Number detected on machine ; 8           ;
; Maximum allowed            ; 4           ;
;                            ;             ;
; Average used               ; 1.00        ;
; Maximum used               ; 4           ;
;                            ;             ;
; Usage by Processor         ; % Time Used ;
;     Processor 1            ; 100.0%      ;
;     Processor 2            ;   0.0%      ;
;     Processors 3-4         ;   0.0%      ;
+----------------------------+-------------+


+--------------------------------------------------------------------------------------------------------------------------------------------------------------------------------+
; Analysis & Synthesis Source Files Read                                                                                                                                         ;
+----------------------------------+-----------------+----------------------------------+------------------------------------------------------------------------------+---------+
; File Name with User-Entered Path ; Used in Netlist ; File Type                        ; File Name with Absolute Path                                                 ; Library ;
+----------------------------------+-----------------+----------------------------------+------------------------------------------------------------------------------+---------+
; ../mem_device.vhd                ; yes             ; User VHDL File                   ; D:/Documents/_Uni/2019-2020/Senior/VGA driver/mem_device.vhd                 ;         ;
; ../vga_lib.vhd                   ; yes             ; User VHDL File                   ; D:/Documents/_Uni/2019-2020/Senior/VGA driver/vga_lib.vhd                    ;         ;
; ../vga.vhd                       ; yes             ; User VHDL File                   ; D:/Documents/_Uni/2019-2020/Senior/VGA driver/vga.vhd                        ;         ;
; ../sync_gen.vhd                  ; yes             ; User VHDL File                   ; D:/Documents/_Uni/2019-2020/Senior/VGA driver/sync_gen.vhd                   ;         ;
; ../counter.vhd                   ; yes             ; User VHDL File                   ; D:/Documents/_Uni/2019-2020/Senior/VGA driver/counter.vhd                    ;         ;
; ../color_split.vhd               ; yes             ; User VHDL File                   ; D:/Documents/_Uni/2019-2020/Senior/VGA driver/color_split.vhd                ;         ;
; ../clk_div.vhd                   ; yes             ; User VHDL File                   ; D:/Documents/_Uni/2019-2020/Senior/VGA driver/clk_div.vhd                    ;         ;
; ../addr_gen.vhd                  ; yes             ; User VHDL File                   ; D:/Documents/_Uni/2019-2020/Senior/VGA driver/addr_gen.vhd                   ;         ;
; r1p.vhd                          ; yes             ; User Wizard-Generated File       ; D:/Documents/_Uni/2019-2020/Senior/VGA driver/Quartus/r1p.vhd                ;         ;
; gray1.mif                        ; yes             ; User Memory Initialization File  ; D:/Documents/_Uni/2019-2020/Senior/VGA driver/Quartus/gray1.mif              ;         ;
; altsyncram.tdf                   ; yes             ; Megafunction                     ; c:/intelfpga_lite/18.1/quartus/libraries/megafunctions/altsyncram.tdf        ;         ;
; stratix_ram_block.inc            ; yes             ; Megafunction                     ; c:/intelfpga_lite/18.1/quartus/libraries/megafunctions/stratix_ram_block.inc ;         ;
; lpm_mux.inc                      ; yes             ; Megafunction                     ; c:/intelfpga_lite/18.1/quartus/libraries/megafunctions/lpm_mux.inc           ;         ;
; lpm_decode.inc                   ; yes             ; Megafunction                     ; c:/intelfpga_lite/18.1/quartus/libraries/megafunctions/lpm_decode.inc        ;         ;
; aglobal181.inc                   ; yes             ; Megafunction                     ; c:/intelfpga_lite/18.1/quartus/libraries/megafunctions/aglobal181.inc        ;         ;
; a_rdenreg.inc                    ; yes             ; Megafunction                     ; c:/intelfpga_lite/18.1/quartus/libraries/megafunctions/a_rdenreg.inc         ;         ;
; altrom.inc                       ; yes             ; Megafunction                     ; c:/intelfpga_lite/18.1/quartus/libraries/megafunctions/altrom.inc            ;         ;
; altram.inc                       ; yes             ; Megafunction                     ; c:/intelfpga_lite/18.1/quartus/libraries/megafunctions/altram.inc            ;         ;
; altdpram.inc                     ; yes             ; Megafunction                     ; c:/intelfpga_lite/18.1/quartus/libraries/megafunctions/altdpram.inc          ;         ;
; db/altsyncram_htr3.tdf           ; yes             ; Auto-Generated Megafunction      ; D:/Documents/_Uni/2019-2020/Senior/VGA driver/Quartus/db/altsyncram_htr3.tdf ;         ;
; db/decode_h7a.tdf                ; yes             ; Auto-Generated Megafunction      ; D:/Documents/_Uni/2019-2020/Senior/VGA driver/Quartus/db/decode_h7a.tdf      ;         ;
; db/mux_c3b.tdf                   ; yes             ; Auto-Generated Megafunction      ; D:/Documents/_Uni/2019-2020/Senior/VGA driver/Quartus/db/mux_c3b.tdf         ;         ;
+----------------------------------+-----------------+----------------------------------+------------------------------------------------------------------------------+---------+


+---------------------------------------------------------+
; Analysis & Synthesis Resource Usage Summary             ;
+---------------------------------------------+-----------+
; Resource                                    ; Usage     ;
+---------------------------------------------+-----------+
; Estimated Total logic elements              ; 136       ;
;                                             ;           ;
; Total combinational functions               ; 136       ;
; Logic element usage by number of LUT inputs ;           ;
;     -- 4 input functions                    ; 85        ;
;     -- 3 input functions                    ; 4         ;
;     -- <=2 input functions                  ; 47        ;
;                                             ;           ;
; Logic elements by mode                      ;           ;
;     -- normal mode                          ; 110       ;
;     -- arithmetic mode                      ; 26        ;
;                                             ;           ;
; Total registers                             ; 24        ;
;     -- Dedicated logic registers            ; 24        ;
;     -- I/O registers                        ; 0         ;
;                                             ;           ;
; I/O pins                                    ; 14        ;
; Total memory bits                           ; 786432    ;
;                                             ;           ;
; Embedded Multiplier 9-bit elements          ; 0         ;
;                                             ;           ;
; Maximum fan-out node                        ; clk~input ;
; Maximum fan-out                             ; 100       ;
; Total fan-out                               ; 1987      ;
; Average fan-out                             ; 7.00      ;
+---------------------------------------------+-----------+


+----------------------------------------------------------------------------------------------------------------------------------------------------------------------------------------------------------------------------------------------------------------------------------------------------------------------------------------------------------------+
; Analysis & Synthesis Resource Utilization by Entity                                                                                                                                                                                                                                                                                                            ;
+----------------------------------------------+---------------------+---------------------------+-------------+------------+--------------+---------+-----------+------+--------------+------------+---------------------------------------------------------------------------------------------------------------------------+-----------------+--------------+
; Compilation Hierarchy Node                   ; Combinational ALUTs ; Dedicated Logic Registers ; Memory Bits ; UFM Blocks ; DSP Elements ; DSP 9x9 ; DSP 18x18 ; Pins ; Virtual Pins ; ADC blocks ; Full Hierarchy Name                                                                                                       ; Entity Name     ; Library Name ;
+----------------------------------------------+---------------------+---------------------------+-------------+------------+--------------+---------+-----------+------+--------------+------------+---------------------------------------------------------------------------------------------------------------------------+-----------------+--------------+
; |vga                                         ; 136 (0)             ; 24 (0)                    ; 786432      ; 0          ; 0            ; 0       ; 0         ; 14   ; 0            ; 0          ; |vga                                                                                                                      ; vga             ; work         ;
;    |addr_gen:U_ADDR_GEN|                     ; 23 (23)             ; 0 (0)                     ; 0           ; 0          ; 0            ; 0       ; 0         ; 0    ; 0            ; 0          ; |vga|addr_gen:U_ADDR_GEN                                                                                                  ; addr_gen        ; work         ;
;    |clk_div:U_CLK|                           ; 1 (1)               ; 1 (1)                     ; 0           ; 0          ; 0            ; 0       ; 0         ; 0    ; 0            ; 0          ; |vga|clk_div:U_CLK                                                                                                        ; clk_div         ; work         ;
;    |counter:U_COUNTER|                       ; 32 (32)             ; 20 (20)                   ; 0           ; 0          ; 0            ; 0       ; 0         ; 0    ; 0            ; 0          ; |vga|counter:U_COUNTER                                                                                                    ; counter         ; work         ;
;    |mem_device:U_MEM_DEV|                    ; 70 (0)              ; 3 (0)                     ; 786432      ; 0          ; 0            ; 0       ; 0         ; 0    ; 0            ; 0          ; |vga|mem_device:U_MEM_DEV                                                                                                 ; mem_device      ; work         ;
;       |r1p:U_MEM|                            ; 70 (0)              ; 3 (0)                     ; 786432      ; 0          ; 0            ; 0       ; 0         ; 0    ; 0            ; 0          ; |vga|mem_device:U_MEM_DEV|r1p:U_MEM                                                                                       ; r1p             ; work         ;
;          |altsyncram:altsyncram_component|   ; 70 (0)              ; 3 (0)                     ; 786432      ; 0          ; 0            ; 0       ; 0         ; 0    ; 0            ; 0          ; |vga|mem_device:U_MEM_DEV|r1p:U_MEM|altsyncram:altsyncram_component                                                       ; altsyncram      ; work         ;
;             |altsyncram_htr3:auto_generated| ; 70 (0)              ; 3 (3)                     ; 786432      ; 0          ; 0            ; 0       ; 0         ; 0    ; 0            ; 0          ; |vga|mem_device:U_MEM_DEV|r1p:U_MEM|altsyncram:altsyncram_component|altsyncram_htr3:auto_generated                        ; altsyncram_htr3 ; work         ;
;                |decode_h7a:rden_decode|      ; 10 (10)             ; 0 (0)                     ; 0           ; 0          ; 0            ; 0       ; 0         ; 0    ; 0            ; 0          ; |vga|mem_device:U_MEM_DEV|r1p:U_MEM|altsyncram:altsyncram_component|altsyncram_htr3:auto_generated|decode_h7a:rden_decode ; decode_h7a      ; work         ;
;                |mux_c3b:mux2|                ; 60 (60)             ; 0 (0)                     ; 0           ; 0          ; 0            ; 0       ; 0         ; 0    ; 0            ; 0          ; |vga|mem_device:U_MEM_DEV|r1p:U_MEM|altsyncram:altsyncram_component|altsyncram_htr3:auto_generated|mux_c3b:mux2           ; mux_c3b         ; work         ;
;    |sync_gen:U_SYNC_GEN|                     ; 10 (10)             ; 0 (0)                     ; 0           ; 0          ; 0            ; 0       ; 0         ; 0    ; 0            ; 0          ; |vga|sync_gen:U_SYNC_GEN                                                                                                  ; sync_gen        ; work         ;
+----------------------------------------------+---------------------+---------------------------+-------------+------------+--------------+---------+-----------+------+--------------+------------+---------------------------------------------------------------------------------------------------------------------------+-----------------+--------------+
Note: For table entries with two numbers listed, the numbers in parentheses indicate the number of resources of the given type used by the specific entity alone. The numbers listed outside of parentheses indicate the total resources of the given type used by the specific entity and all of its sub-entities in the hierarchy.


+---------------------------------------------------------------------------------------------------------------------------------------------------------------------------------------------------------+
; Analysis & Synthesis RAM Summary                                                                                                                                                                        ;
+----------------------------------------------------------------------------------------------------------+------+------+--------------+--------------+--------------+--------------+--------+-----------+
; Name                                                                                                     ; Type ; Mode ; Port A Depth ; Port A Width ; Port B Depth ; Port B Width ; Size   ; MIF       ;
+----------------------------------------------------------------------------------------------------------+------+------+--------------+--------------+--------------+--------------+--------+-----------+
; mem_device:U_MEM_DEV|r1p:U_MEM|altsyncram:altsyncram_component|altsyncram_htr3:auto_generated|ALTSYNCRAM ; AUTO ; ROM  ; 65536        ; 12           ; --           ; --           ; 786432 ; gray1.mif ;
+----------------------------------------------------------------------------------------------------------+------+------+--------------+--------------+--------------+--------------+--------+-----------+


+-----------------------------------------------------------------------------------------------------------------------+
; Analysis & Synthesis IP Cores Summary                                                                                 ;
+--------+--------------+---------+--------------+--------------+-------------------------------------+-----------------+
; Vendor ; IP Core Name ; Version ; Release Date ; License Type ; Entity Instance                     ; IP Include File ;
+--------+--------------+---------+--------------+--------------+-------------------------------------+-----------------+
; Altera ; ROM: 1-PORT  ; 18.1    ; N/A          ; N/A          ; |vga|mem_device:U_MEM_DEV|r1p:U_MEM ; r1p.vhd         ;
+--------+--------------+---------+--------------+--------------+-------------------------------------+-----------------+


+---------------------------------------------------------------------------------------------------------------------------------+
; Registers Removed During Synthesis                                                                                              ;
+------------------------------------------------------------------------------------------------------------+--------------------+
; Register name                                                                                              ; Reason for Removal ;
+------------------------------------------------------------------------------------------------------------+--------------------+
; mem_device:U_MEM_DEV|r1p:U_MEM|altsyncram:altsyncram_component|altsyncram_htr3:auto_generated|rden_a_store ; Lost fanout        ;
; Total Number of Removed Registers = 1                                                                      ;                    ;
+------------------------------------------------------------------------------------------------------------+--------------------+


+------------------------------------------------------+
; General Register Statistics                          ;
+----------------------------------------------+-------+
; Statistic                                    ; Value ;
+----------------------------------------------+-------+
; Total registers                              ; 24    ;
; Number of registers using Synchronous Clear  ; 0     ;
; Number of registers using Synchronous Load   ; 0     ;
; Number of registers using Asynchronous Clear ; 21    ;
; Number of registers using Asynchronous Load  ; 0     ;
; Number of registers using Clock Enable       ; 10    ;
; Number of registers using Preset             ; 0     ;
+----------------------------------------------+-------+


+--------------------------------------------------------------------------------------------------------------------------------------------------------+
; Multiplexer Restructuring Statistics (Restructuring Performed)                                                                                         ;
+--------------------+-----------+---------------+----------------------+------------------------+------------+------------------------------------------+
; Multiplexer Inputs ; Bus Width ; Baseline Area ; Area if Restructured ; Saving if Restructured ; Registered ; Example Multiplexer Output               ;
+--------------------+-----------+---------------+----------------------+------------------------+------------+------------------------------------------+
; 3:1                ; 12 bits   ; 24 LEs        ; 24 LEs               ; 0 LEs                  ; No         ; |vga|color_split:U_COLOR_CHANNELS|red[3] ;
+--------------------+-----------+---------------+----------------------+------------------------+------------+------------------------------------------+


+----------------------------------------------------------------------------------------------------------------------+
; Source assignments for mem_device:U_MEM_DEV|r1p:U_MEM|altsyncram:altsyncram_component|altsyncram_htr3:auto_generated ;
+---------------------------------+--------------------+------+--------------------------------------------------------+
; Assignment                      ; Value              ; From ; To                                                     ;
+---------------------------------+--------------------+------+--------------------------------------------------------+
; OPTIMIZE_POWER_DURING_SYNTHESIS ; NORMAL_COMPILATION ; -    ; -                                                      ;
+---------------------------------+--------------------+------+--------------------------------------------------------+


+-------------------------------------------------------------------+
; Parameter Settings for User Entity Instance: mem_device:U_MEM_DEV ;
+----------------+-------+------------------------------------------+
; Parameter Name ; Value ; Type                                     ;
+----------------+-------+------------------------------------------+
; mem_units      ; 1     ; Signed Integer                           ;
+----------------+-------+------------------------------------------+
Note: In order to hide this table in the UI and the text report file, please set the "Show Parameter Settings in Synthesis Report" option in "Analysis and Synthesis Settings -> More Settings" to "Off".


+-------------------------------------------------------------------------------------------------------------+
; Parameter Settings for User Entity Instance: mem_device:U_MEM_DEV|r1p:U_MEM|altsyncram:altsyncram_component ;
+------------------------------------+----------------------+-------------------------------------------------+
; Parameter Name                     ; Value                ; Type                                            ;
+------------------------------------+----------------------+-------------------------------------------------+
; BYTE_SIZE_BLOCK                    ; 8                    ; Untyped                                         ;
; AUTO_CARRY_CHAINS                  ; ON                   ; AUTO_CARRY                                      ;
; IGNORE_CARRY_BUFFERS               ; OFF                  ; IGNORE_CARRY                                    ;
; AUTO_CASCADE_CHAINS                ; ON                   ; AUTO_CASCADE                                    ;
; IGNORE_CASCADE_BUFFERS             ; OFF                  ; IGNORE_CASCADE                                  ;
; WIDTH_BYTEENA                      ; 1                    ; Untyped                                         ;
; OPERATION_MODE                     ; ROM                  ; Untyped                                         ;
; WIDTH_A                            ; 12                   ; Signed Integer                                  ;
; WIDTHAD_A                          ; 16                   ; Signed Integer                                  ;
; NUMWORDS_A                         ; 65536                ; Signed Integer                                  ;
; OUTDATA_REG_A                      ; UNREGISTERED         ; Untyped                                         ;
; ADDRESS_ACLR_A                     ; NONE                 ; Untyped                                         ;
; OUTDATA_ACLR_A                     ; NONE                 ; Untyped                                         ;
; WRCONTROL_ACLR_A                   ; NONE                 ; Untyped                                         ;
; INDATA_ACLR_A                      ; NONE                 ; Untyped                                         ;
; BYTEENA_ACLR_A                     ; NONE                 ; Untyped                                         ;
; WIDTH_B                            ; 1                    ; Signed Integer                                  ;
; WIDTHAD_B                          ; 1                    ; Signed Integer                                  ;
; NUMWORDS_B                         ; 0                    ; Signed Integer                                  ;
; INDATA_REG_B                       ; CLOCK1               ; Untyped                                         ;
; WRCONTROL_WRADDRESS_REG_B          ; CLOCK1               ; Untyped                                         ;
; RDCONTROL_REG_B                    ; CLOCK1               ; Untyped                                         ;
; ADDRESS_REG_B                      ; CLOCK1               ; Untyped                                         ;
; OUTDATA_REG_B                      ; UNREGISTERED         ; Untyped                                         ;
; BYTEENA_REG_B                      ; CLOCK1               ; Untyped                                         ;
; INDATA_ACLR_B                      ; NONE                 ; Untyped                                         ;
; WRCONTROL_ACLR_B                   ; NONE                 ; Untyped                                         ;
; ADDRESS_ACLR_B                     ; NONE                 ; Untyped                                         ;
; OUTDATA_ACLR_B                     ; NONE                 ; Untyped                                         ;
; RDCONTROL_ACLR_B                   ; NONE                 ; Untyped                                         ;
; BYTEENA_ACLR_B                     ; NONE                 ; Untyped                                         ;
; WIDTH_BYTEENA_A                    ; 1                    ; Signed Integer                                  ;
; WIDTH_BYTEENA_B                    ; 1                    ; Signed Integer                                  ;
; RAM_BLOCK_TYPE                     ; AUTO                 ; Untyped                                         ;
; BYTE_SIZE                          ; 8                    ; Signed Integer                                  ;
; READ_DURING_WRITE_MODE_MIXED_PORTS ; DONT_CARE            ; Untyped                                         ;
; READ_DURING_WRITE_MODE_PORT_A      ; NEW_DATA_NO_NBE_READ ; Untyped                                         ;
; READ_DURING_WRITE_MODE_PORT_B      ; NEW_DATA_NO_NBE_READ ; Untyped                                         ;
; INIT_FILE                          ; gray1.mif            ; Untyped                                         ;
; INIT_FILE_LAYOUT                   ; PORT_A               ; Untyped                                         ;
; MAXIMUM_DEPTH                      ; 0                    ; Signed Integer                                  ;
; CLOCK_ENABLE_INPUT_A               ; BYPASS               ; Untyped                                         ;
; CLOCK_ENABLE_INPUT_B               ; NORMAL               ; Untyped                                         ;
; CLOCK_ENABLE_OUTPUT_A              ; BYPASS               ; Untyped                                         ;
; CLOCK_ENABLE_OUTPUT_B              ; NORMAL               ; Untyped                                         ;
; CLOCK_ENABLE_CORE_A                ; USE_INPUT_CLKEN      ; Untyped                                         ;
; CLOCK_ENABLE_CORE_B                ; USE_INPUT_CLKEN      ; Untyped                                         ;
; ENABLE_ECC                         ; FALSE                ; Untyped                                         ;
; ECC_PIPELINE_STAGE_ENABLED         ; FALSE                ; Untyped                                         ;
; WIDTH_ECCSTATUS                    ; 3                    ; Signed Integer                                  ;
; DEVICE_FAMILY                      ; MAX 10               ; Untyped                                         ;
; CBXI_PARAMETER                     ; altsyncram_htr3      ; Untyped                                         ;
+------------------------------------+----------------------+-------------------------------------------------+
Note: In order to hide this table in the UI and the text report file, please set the "Show Parameter Settings in Synthesis Report" option in "Analysis and Synthesis Settings -> More Settings" to "Off".


+------------------------------------------------------------------------------------------------------------+
; altsyncram Parameter Settings by Entity Instance                                                           ;
+-------------------------------------------+----------------------------------------------------------------+
; Name                                      ; Value                                                          ;
+-------------------------------------------+----------------------------------------------------------------+
; Number of entity instances                ; 1                                                              ;
; Entity Instance                           ; mem_device:U_MEM_DEV|r1p:U_MEM|altsyncram:altsyncram_component ;
;     -- OPERATION_MODE                     ; ROM                                                            ;
;     -- WIDTH_A                            ; 12                                                             ;
;     -- NUMWORDS_A                         ; 65536                                                          ;
;     -- OUTDATA_REG_A                      ; UNREGISTERED                                                   ;
;     -- WIDTH_B                            ; 1                                                              ;
;     -- NUMWORDS_B                         ; 0                                                              ;
;     -- ADDRESS_REG_B                      ; CLOCK1                                                         ;
;     -- OUTDATA_REG_B                      ; UNREGISTERED                                                   ;
;     -- RAM_BLOCK_TYPE                     ; AUTO                                                           ;
;     -- READ_DURING_WRITE_MODE_MIXED_PORTS ; DONT_CARE                                                      ;
+-------------------------------------------+----------------------------------------------------------------+


+------------------------------------------------------------+
; Port Connectivity Checks: "mem_device:U_MEM_DEV|r1p:U_MEM" ;
+------+-------+----------+----------------------------------+
; Port ; Type  ; Severity ; Details                          ;
+------+-------+----------+----------------------------------+
; rden ; Input ; Info     ; Stuck at VCC                     ;
+------+-------+----------+----------------------------------+


+------------------------------------------------------------------------------------------------------------------+
; Port Connectivity Checks: "sync_gen:U_SYNC_GEN"                                                                  ;
+--------+--------+----------+-------------------------------------------------------------------------------------+
; Port   ; Type   ; Severity ; Details                                                                             ;
+--------+--------+----------+-------------------------------------------------------------------------------------+
; h_sync ; Output ; Info     ; Connected to dangling logic. Logic that only feeds a dangling port will be removed. ;
; v_sync ; Output ; Info     ; Connected to dangling logic. Logic that only feeds a dangling port will be removed. ;
+--------+--------+----------+-------------------------------------------------------------------------------------+


+-----------------------------------------------------------------------------------------------------------------+
; Port Connectivity Checks: "clk_div:U_CLK"                                                                       ;
+-------+--------+----------+-------------------------------------------------------------------------------------+
; Port  ; Type   ; Severity ; Details                                                                             ;
+-------+--------+----------+-------------------------------------------------------------------------------------+
; div_4 ; Output ; Info     ; Connected to dangling logic. Logic that only feeds a dangling port will be removed. ;
; div_8 ; Output ; Info     ; Connected to dangling logic. Logic that only feeds a dangling port will be removed. ;
+-------+--------+----------+-------------------------------------------------------------------------------------+


+-----------------------------------------------------+
; Post-Synthesis Netlist Statistics for Top Partition ;
+-----------------------+-----------------------------+
; Type                  ; Count                       ;
+-----------------------+-----------------------------+
; boundary_port         ; 14                          ;
; cycloneiii_ff         ; 24                          ;
;     CLR               ; 11                          ;
;     ENA CLR           ; 10                          ;
;     plain             ; 3                           ;
; cycloneiii_lcell_comb ; 136                         ;
;     arith             ; 26                          ;
;         2 data inputs ; 26                          ;
;     normal            ; 110                         ;
;         1 data inputs ; 4                           ;
;         2 data inputs ; 17                          ;
;         3 data inputs ; 4                           ;
;         4 data inputs ; 85                          ;
; cycloneiii_ram_block  ; 96                          ;
;                       ;                             ;
; Max LUT depth         ; 4.00                        ;
; Average LUT depth     ; 2.88                        ;
+-----------------------+-----------------------------+


+-------------------------------+
; Elapsed Time Per Partition    ;
+----------------+--------------+
; Partition Name ; Elapsed Time ;
+----------------+--------------+
; Top            ; 00:00:01     ;
+----------------+--------------+


+-------------------------------+
; Analysis & Synthesis Messages ;
+-------------------------------+
Info: *******************************************************************
Info: Running Quartus Prime Analysis & Synthesis
    Info: Version 18.1.0 Build 625 09/12/2018 SJ Lite Edition
    Info: Processing started: Wed Jan 22 16:28:09 2020
Info: Command: quartus_map --read_settings_files=on --write_settings_files=off VGA_driver -c VGA_driver
Info (20030): Parallel compilation is enabled and will use 4 of the 4 processors detected
Info (12021): Found 2 design units, including 1 entities, in source file /documents/_uni/2019-2020/senior/vga driver/mem_device.vhd
    Info (12022): Found design unit 1: mem_device-bhv File: D:/Documents/_Uni/2019-2020/Senior/VGA driver/mem_device.vhd Line: 14
    Info (12023): Found entity 1: mem_device File: D:/Documents/_Uni/2019-2020/Senior/VGA driver/mem_device.vhd Line: 6
Info (12021): Found 1 design units, including 0 entities, in source file /documents/_uni/2019-2020/senior/vga driver/vga_lib.vhd
    Info (12022): Found design unit 1: VGA_LIB File: D:/Documents/_Uni/2019-2020/Senior/VGA driver/vga_lib.vhd Line: 5
Info (12021): Found 2 design units, including 1 entities, in source file /documents/_uni/2019-2020/senior/vga driver/vga.vhd
    Info (12022): Found design unit 1: vga-bhv File: D:/Documents/_Uni/2019-2020/Senior/VGA driver/vga.vhd Line: 15
    Info (12023): Found entity 1: vga File: D:/Documents/_Uni/2019-2020/Senior/VGA driver/vga.vhd Line: 5
Info (12021): Found 2 design units, including 1 entities, in source file /documents/_uni/2019-2020/senior/vga driver/sync_gen.vhd
    Info (12022): Found design unit 1: sync_gen-bhv File: D:/Documents/_Uni/2019-2020/Senior/VGA driver/sync_gen.vhd Line: 15
    Info (12023): Found entity 1: sync_gen File: D:/Documents/_Uni/2019-2020/Senior/VGA driver/sync_gen.vhd Line: 6
Info (12021): Found 2 design units, including 1 entities, in source file /documents/_uni/2019-2020/senior/vga driver/counter.vhd
    Info (12022): Found design unit 1: counter-bhv File: D:/Documents/_Uni/2019-2020/Senior/VGA driver/counter.vhd Line: 14
    Info (12023): Found entity 1: counter File: D:/Documents/_Uni/2019-2020/Senior/VGA driver/counter.vhd Line: 6
Info (12021): Found 2 design units, including 1 entities, in source file /documents/_uni/2019-2020/senior/vga driver/color_split.vhd
    Info (12022): Found design unit 1: color_split-bhv File: D:/Documents/_Uni/2019-2020/Senior/VGA driver/color_split.vhd Line: 13
    Info (12023): Found entity 1: color_split File: D:/Documents/_Uni/2019-2020/Senior/VGA driver/color_split.vhd Line: 6
Info (12021): Found 2 design units, including 1 entities, in source file /documents/_uni/2019-2020/senior/vga driver/clk_div.vhd
    Info (12022): Found design unit 1: clk_div-bhv File: D:/Documents/_Uni/2019-2020/Senior/VGA driver/clk_div.vhd Line: 14
    Info (12023): Found entity 1: clk_div File: D:/Documents/_Uni/2019-2020/Senior/VGA driver/clk_div.vhd Line: 5
Info (12021): Found 3 design units, including 1 entities, in source file /documents/_uni/2019-2020/senior/vga driver/addr_gen.vhd
    Info (12022): Found design unit 1: addr_gen-linear File: D:/Documents/_Uni/2019-2020/Senior/VGA driver/addr_gen.vhd Line: 14
    Info (12022): Found design unit 2: addr_gen-xy File: D:/Documents/_Uni/2019-2020/Senior/VGA driver/addr_gen.vhd Line: 25
    Info (12023): Found entity 1: addr_gen File: D:/Documents/_Uni/2019-2020/Senior/VGA driver/addr_gen.vhd Line: 6
Info (12021): Found 2 design units, including 1 entities, in source file r1p.vhd
    Info (12022): Found design unit 1: r1p-SYN File: D:/Documents/_Uni/2019-2020/Senior/VGA driver/Quartus/r1p.vhd Line: 53
    Info (12023): Found entity 1: r1p File: D:/Documents/_Uni/2019-2020/Senior/VGA driver/Quartus/r1p.vhd Line: 42
Info (12127): Elaborating entity "vga" for the top level hierarchy
Warning (10036): Verilog HDL or VHDL warning at vga.vhd(20): object "h_sync" assigned a value but never read File: D:/Documents/_Uni/2019-2020/Senior/VGA driver/vga.vhd Line: 20
Warning (10036): Verilog HDL or VHDL warning at vga.vhd(20): object "v_sync" assigned a value but never read File: D:/Documents/_Uni/2019-2020/Senior/VGA driver/vga.vhd Line: 20
Info (12128): Elaborating entity "clk_div" for hierarchy "clk_div:U_CLK" File: D:/Documents/_Uni/2019-2020/Senior/VGA driver/vga.vhd Line: 26
Info (12128): Elaborating entity "counter" for hierarchy "counter:U_COUNTER" File: D:/Documents/_Uni/2019-2020/Senior/VGA driver/vga.vhd Line: 34
Info (12128): Elaborating entity "sync_gen" for hierarchy "sync_gen:U_SYNC_GEN" File: D:/Documents/_Uni/2019-2020/Senior/VGA driver/vga.vhd Line: 41
Info (12129): Elaborating entity "addr_gen" using architecture "A:xy" for hierarchy "addr_gen:U_ADDR_GEN" File: D:/Documents/_Uni/2019-2020/Senior/VGA driver/vga.vhd Line: 49
Info (12128): Elaborating entity "color_split" for hierarchy "color_split:U_COLOR_CHANNELS" File: D:/Documents/_Uni/2019-2020/Senior/VGA driver/vga.vhd Line: 56
Info (12128): Elaborating entity "mem_device" for hierarchy "mem_device:U_MEM_DEV" File: D:/Documents/_Uni/2019-2020/Senior/VGA driver/vga.vhd Line: 64
Warning (10036): Verilog HDL or VHDL warning at mem_device.vhd(30): object "mem_sel" assigned a value but never read File: D:/Documents/_Uni/2019-2020/Senior/VGA driver/mem_device.vhd Line: 30
Warning (10492): VHDL Process Statement warning at mem_device.vhd(35): signal "m" is read inside the Process Statement but isn't in the Process Statement's sensitivity list File: D:/Documents/_Uni/2019-2020/Senior/VGA driver/mem_device.vhd Line: 35
Info (12128): Elaborating entity "r1p" for hierarchy "mem_device:U_MEM_DEV|r1p:U_MEM" File: D:/Documents/_Uni/2019-2020/Senior/VGA driver/mem_device.vhd Line: 20
Info (12128): Elaborating entity "altsyncram" for hierarchy "mem_device:U_MEM_DEV|r1p:U_MEM|altsyncram:altsyncram_component" File: D:/Documents/_Uni/2019-2020/Senior/VGA driver/Quartus/r1p.vhd Line: 60
Info (12130): Elaborated megafunction instantiation "mem_device:U_MEM_DEV|r1p:U_MEM|altsyncram:altsyncram_component" File: D:/Documents/_Uni/2019-2020/Senior/VGA driver/Quartus/r1p.vhd Line: 60
Info (12133): Instantiated megafunction "mem_device:U_MEM_DEV|r1p:U_MEM|altsyncram:altsyncram_component" with the following parameter: File: D:/Documents/_Uni/2019-2020/Senior/VGA driver/Quartus/r1p.vhd Line: 60
    Info (12134): Parameter "address_aclr_a" = "NONE"
    Info (12134): Parameter "address_aclr_b" = "NONE"
    Info (12134): Parameter "address_reg_b" = "CLOCK1"
    Info (12134): Parameter "byte_size" = "8"
    Info (12134): Parameter "byteena_aclr_a" = "UNUSED"
    Info (12134): Parameter "byteena_aclr_b" = "NONE"
    Info (12134): Parameter "byteena_reg_b" = "CLOCK1"
    Info (12134): Parameter "clock_enable_core_a" = "USE_INPUT_CLKEN"
    Info (12134): Parameter "clock_enable_core_b" = "USE_INPUT_CLKEN"
    Info (12134): Parameter "clock_enable_input_a" = "BYPASS"
    Info (12134): Parameter "clock_enable_input_b" = "NORMAL"
    Info (12134): Parameter "clock_enable_output_a" = "BYPASS"
    Info (12134): Parameter "clock_enable_output_b" = "NORMAL"
    Info (12134): Parameter "intended_device_family" = "MAX 10"
    Info (12134): Parameter "ecc_pipeline_stage_enabled" = "FALSE"
    Info (12134): Parameter "enable_ecc" = "FALSE"
    Info (12134): Parameter "implement_in_les" = "OFF"
    Info (12134): Parameter "indata_aclr_a" = "UNUSED"
    Info (12134): Parameter "indata_aclr_b" = "NONE"
    Info (12134): Parameter "indata_reg_b" = "CLOCK1"
    Info (12134): Parameter "init_file" = "gray1.mif"
    Info (12134): Parameter "init_file_layout" = "PORT_A"
    Info (12134): Parameter "maximum_depth" = "0"
    Info (12134): Parameter "numwords_a" = "65536"
    Info (12134): Parameter "numwords_b" = "0"
    Info (12134): Parameter "operation_mode" = "ROM"
    Info (12134): Parameter "outdata_aclr_a" = "NONE"
    Info (12134): Parameter "outdata_aclr_b" = "NONE"
    Info (12134): Parameter "outdata_reg_a" = "UNREGISTERED"
    Info (12134): Parameter "outdata_reg_b" = "UNREGISTERED"
    Info (12134): Parameter "power_up_uninitialized" = "FALSE"
    Info (12134): Parameter "ram_block_type" = "AUTO"
    Info (12134): Parameter "rdcontrol_aclr_b" = "NONE"
    Info (12134): Parameter "rdcontrol_reg_b" = "CLOCK1"
    Info (12134): Parameter "read_during_write_mode_mixed_ports" = "DONT_CARE"
    Info (12134): Parameter "read_during_write_mode_port_a" = "NEW_DATA_NO_NBE_READ"
    Info (12134): Parameter "read_during_write_mode_port_b" = "NEW_DATA_NO_NBE_READ"
    Info (12134): Parameter "stratixiv_m144k_allow_dual_clocks" = "ON"
    Info (12134): Parameter "width_a" = "12"
    Info (12134): Parameter "width_b" = "1"
    Info (12134): Parameter "width_byteena_a" = "1"
    Info (12134): Parameter "width_byteena_b" = "1"
    Info (12134): Parameter "width_eccstatus" = "3"
    Info (12134): Parameter "widthad_a" = "16"
    Info (12134): Parameter "widthad_b" = "1"
    Info (12134): Parameter "wrcontrol_aclr_a" = "UNUSED"
    Info (12134): Parameter "wrcontrol_aclr_b" = "NONE"
    Info (12134): Parameter "wrcontrol_wraddress_reg_b" = "CLOCK1"
    Info (12134): Parameter "lpm_hint" = "ENABLE_RUNTIME_MOD=NO"
    Info (12134): Parameter "lpm_type" = "altsyncram"
Info (12021): Found 1 design units, including 1 entities, in source file db/altsyncram_htr3.tdf
    Info (12023): Found entity 1: altsyncram_htr3 File: D:/Documents/_Uni/2019-2020/Senior/VGA driver/Quartus/db/altsyncram_htr3.tdf Line: 31
Info (12128): Elaborating entity "altsyncram_htr3" for hierarchy "mem_device:U_MEM_DEV|r1p:U_MEM|altsyncram:altsyncram_component|altsyncram_htr3:auto_generated" File: c:/intelfpga_lite/18.1/quartus/libraries/megafunctions/altsyncram.tdf Line: 791
Info (12021): Found 1 design units, including 1 entities, in source file db/decode_h7a.tdf
    Info (12023): Found entity 1: decode_h7a File: D:/Documents/_Uni/2019-2020/Senior/VGA driver/Quartus/db/decode_h7a.tdf Line: 22
Info (12128): Elaborating entity "decode_h7a" for hierarchy "mem_device:U_MEM_DEV|r1p:U_MEM|altsyncram:altsyncram_component|altsyncram_htr3:auto_generated|decode_h7a:rden_decode" File: D:/Documents/_Uni/2019-2020/Senior/VGA driver/Quartus/db/altsyncram_htr3.tdf Line: 41
Info (12021): Found 1 design units, including 1 entities, in source file db/mux_c3b.tdf
    Info (12023): Found entity 1: mux_c3b File: D:/Documents/_Uni/2019-2020/Senior/VGA driver/Quartus/db/mux_c3b.tdf Line: 22
Info (12128): Elaborating entity "mux_c3b" for hierarchy "mem_device:U_MEM_DEV|r1p:U_MEM|altsyncram:altsyncram_component|altsyncram_htr3:auto_generated|mux_c3b:mux2" File: D:/Documents/_Uni/2019-2020/Senior/VGA driver/Quartus/db/altsyncram_htr3.tdf Line: 42
Info (286030): Timing-Driven Synthesis is running
Critical Warning (18061): Ignored Power-Up Level option on the following registers
    Critical Warning (18010): Register counter:U_COUNTER|x_cnt[8] will power up to Low File: D:/Documents/_Uni/2019-2020/Senior/VGA driver/counter.vhd Line: 20
    Critical Warning (18010): Register counter:U_COUNTER|x_cnt[4] will power up to Low File: D:/Documents/_Uni/2019-2020/Senior/VGA driver/counter.vhd Line: 20
    Critical Warning (18010): Register counter:U_COUNTER|x_cnt[3] will power up to Low File: D:/Documents/_Uni/2019-2020/Senior/VGA driver/counter.vhd Line: 20
    Critical Warning (18010): Register counter:U_COUNTER|x_cnt[2] will power up to Low File: D:/Documents/_Uni/2019-2020/Senior/VGA driver/counter.vhd Line: 20
    Critical Warning (18010): Register counter:U_COUNTER|x_cnt[1] will power up to Low File: D:/Documents/_Uni/2019-2020/Senior/VGA driver/counter.vhd Line: 20
    Critical Warning (18010): Register counter:U_COUNTER|x_cnt[0] will power up to Low File: D:/Documents/_Uni/2019-2020/Senior/VGA driver/counter.vhd Line: 20
    Critical Warning (18010): Register counter:U_COUNTER|x_cnt[9] will power up to Low File: D:/Documents/_Uni/2019-2020/Senior/VGA driver/counter.vhd Line: 20
    Critical Warning (18010): Register counter:U_COUNTER|y_cnt[9] will power up to Low File: D:/Documents/_Uni/2019-2020/Senior/VGA driver/counter.vhd Line: 20
    Critical Warning (18010): Register counter:U_COUNTER|y_cnt[2] will power up to Low File: D:/Documents/_Uni/2019-2020/Senior/VGA driver/counter.vhd Line: 20
    Critical Warning (18010): Register counter:U_COUNTER|y_cnt[3] will power up to Low File: D:/Documents/_Uni/2019-2020/Senior/VGA driver/counter.vhd Line: 20
Info (17049): 1 registers lost all their fanouts during netlist optimizations.
Info (16010): Generating hard_block partition "hard_block:auto_generated_inst"
    Info (16011): Adding 0 node(s), including 0 DDIO, 0 PLL, 0 transceiver and 0 LCELL
Info (21057): Implemented 246 device resources after synthesis - the final resource count might be different
    Info (21058): Implemented 2 input pins
    Info (21059): Implemented 12 output pins
    Info (21061): Implemented 136 logic cells
    Info (21064): Implemented 96 RAM segments
Info: Quartus Prime Analysis & Synthesis was successful. 0 errors, 15 warnings
    Info: Peak virtual memory: 4823 megabytes
    Info: Processing ended: Wed Jan 22 16:28:23 2020
    Info: Elapsed time: 00:00:14
    Info: Total CPU time (on all processors): 00:00:30


