
*** Running vivado
    with args -log blk_mem_gen_0.vds -m64 -product Vivado -mode batch -messageDb vivado.pb -notrace -source blk_mem_gen_0.tcl


****** Vivado v2019.1 (64-bit)
  **** SW Build 2552052 on Fri May 24 14:49:42 MDT 2019
  **** IP Build 2548770 on Fri May 24 18:01:18 MDT 2019
    ** Copyright 1986-2019 Xilinx, Inc. All Rights Reserved.

source blk_mem_gen_0.tcl -notrace
Command: synth_design -top blk_mem_gen_0 -part xc7s50csga324-2 -mode out_of_context
Starting synth_design
Attempting to get a license for feature 'Synthesis' and/or device 'xc7s50'
INFO: [Common 17-349] Got license for feature 'Synthesis' and/or device 'xc7s50'
INFO: [Device 21-403] Loading part xc7s50csga324-2
INFO: Launching helper process for spawning children vivado processes
INFO: Helper process launched with PID 11600 
---------------------------------------------------------------------------------
Starting RTL Elaboration : Time (s): cpu = 00:00:10 ; elapsed = 00:00:11 . Memory (MB): peak = 705.012 ; gain = 177.699
---------------------------------------------------------------------------------
INFO: [Synth 8-638] synthesizing module 'blk_mem_gen_0' [d:/Documents/_Uni/2019-2020/Senior/VGA driver/Vivado/vga_driver/vga_driver.srcs/sources_1/ip/blk_mem_gen_0_1/synth/blk_mem_gen_0.vhd:75]
	Parameter C_FAMILY bound to: spartan7 - type: string 
	Parameter C_XDEVICEFAMILY bound to: spartan7 - type: string 
	Parameter C_ELABORATION_DIR bound to: ./ - type: string 
	Parameter C_INTERFACE_TYPE bound to: 0 - type: integer 
	Parameter C_AXI_TYPE bound to: 1 - type: integer 
	Parameter C_AXI_SLAVE_TYPE bound to: 0 - type: integer 
	Parameter C_USE_BRAM_BLOCK bound to: 0 - type: integer 
	Parameter C_ENABLE_32BIT_ADDRESS bound to: 0 - type: integer 
	Parameter C_CTRL_ECC_ALGO bound to: NONE - type: string 
	Parameter C_HAS_AXI_ID bound to: 0 - type: integer 
	Parameter C_AXI_ID_WIDTH bound to: 4 - type: integer 
	Parameter C_MEM_TYPE bound to: 2 - type: integer 
	Parameter C_BYTE_SIZE bound to: 9 - type: integer 
	Parameter C_ALGORITHM bound to: 1 - type: integer 
	Parameter C_PRIM_TYPE bound to: 1 - type: integer 
	Parameter C_LOAD_INIT_FILE bound to: 0 - type: integer 
	Parameter C_INIT_FILE_NAME bound to: no_coe_file_loaded - type: string 
	Parameter C_INIT_FILE bound to: blk_mem_gen_0.mem - type: string 
	Parameter C_USE_DEFAULT_DATA bound to: 1 - type: integer 
	Parameter C_DEFAULT_DATA bound to: 2A - type: string 
	Parameter C_HAS_RSTA bound to: 0 - type: integer 
	Parameter C_RST_PRIORITY_A bound to: CE - type: string 
	Parameter C_RSTRAM_A bound to: 0 - type: integer 
	Parameter C_INITA_VAL bound to: 0 - type: string 
	Parameter C_HAS_ENA bound to: 0 - type: integer 
	Parameter C_HAS_REGCEA bound to: 0 - type: integer 
	Parameter C_USE_BYTE_WEA bound to: 0 - type: integer 
	Parameter C_WEA_WIDTH bound to: 1 - type: integer 
	Parameter C_WRITE_MODE_A bound to: READ_FIRST - type: string 
	Parameter C_WRITE_WIDTH_A bound to: 9 - type: integer 
	Parameter C_READ_WIDTH_A bound to: 9 - type: integer 
	Parameter C_WRITE_DEPTH_A bound to: 307200 - type: integer 
	Parameter C_READ_DEPTH_A bound to: 307200 - type: integer 
	Parameter C_ADDRA_WIDTH bound to: 19 - type: integer 
	Parameter C_HAS_RSTB bound to: 0 - type: integer 
	Parameter C_RST_PRIORITY_B bound to: CE - type: string 
	Parameter C_RSTRAM_B bound to: 0 - type: integer 
	Parameter C_INITB_VAL bound to: 0 - type: string 
	Parameter C_HAS_ENB bound to: 1 - type: integer 
	Parameter C_HAS_REGCEB bound to: 0 - type: integer 
	Parameter C_USE_BYTE_WEB bound to: 0 - type: integer 
	Parameter C_WEB_WIDTH bound to: 1 - type: integer 
	Parameter C_WRITE_MODE_B bound to: READ_FIRST - type: string 
	Parameter C_WRITE_WIDTH_B bound to: 9 - type: integer 
	Parameter C_READ_WIDTH_B bound to: 9 - type: integer 
	Parameter C_WRITE_DEPTH_B bound to: 307200 - type: integer 
	Parameter C_READ_DEPTH_B bound to: 307200 - type: integer 
	Parameter C_ADDRB_WIDTH bound to: 19 - type: integer 
	Parameter C_HAS_MEM_OUTPUT_REGS_A bound to: 0 - type: integer 
	Parameter C_HAS_MEM_OUTPUT_REGS_B bound to: 0 - type: integer 
	Parameter C_HAS_MUX_OUTPUT_REGS_A bound to: 0 - type: integer 
	Parameter C_HAS_MUX_OUTPUT_REGS_B bound to: 0 - type: integer 
	Parameter C_MUX_PIPELINE_STAGES bound to: 0 - type: integer 
	Parameter C_HAS_SOFTECC_INPUT_REGS_A bound to: 0 - type: integer 
	Parameter C_HAS_SOFTECC_OUTPUT_REGS_B bound to: 0 - type: integer 
	Parameter C_USE_SOFTECC bound to: 0 - type: integer 
	Parameter C_USE_ECC bound to: 0 - type: integer 
	Parameter C_EN_ECC_PIPE bound to: 0 - type: integer 
	Parameter C_READ_LATENCY_A bound to: 1 - type: integer 
	Parameter C_READ_LATENCY_B bound to: 1 - type: integer 
	Parameter C_HAS_INJECTERR bound to: 0 - type: integer 
	Parameter C_SIM_COLLISION_CHECK bound to: ALL - type: string 
	Parameter C_COMMON_CLK bound to: 0 - type: integer 
	Parameter C_DISABLE_WARN_BHV_COLL bound to: 0 - type: integer 
	Parameter C_EN_SLEEP_PIN bound to: 0 - type: integer 
	Parameter C_USE_URAM bound to: 0 - type: integer 
	Parameter C_EN_RDADDRA_CHG bound to: 0 - type: integer 
	Parameter C_EN_RDADDRB_CHG bound to: 0 - type: integer 
	Parameter C_EN_DEEPSLEEP_PIN bound to: 0 - type: integer 
	Parameter C_EN_SHUTDOWN_PIN bound to: 0 - type: integer 
	Parameter C_EN_SAFETY_CKT bound to: 0 - type: integer 
	Parameter C_DISABLE_WARN_BHV_RANGE bound to: 0 - type: integer 
	Parameter C_COUNT_36K_BRAM bound to: 75 - type: string 
	Parameter C_COUNT_18K_BRAM bound to: 0 - type: string 
	Parameter C_EST_POWER_SUMMARY bound to: Estimated Power for IP     :     5.49315 mW - type: string 
INFO: [Synth 8-3491] module 'blk_mem_gen_v8_4_3' declared at 'd:/Documents/_Uni/2019-2020/Senior/VGA driver/Vivado/vga_driver/vga_driver.srcs/sources_1/ip/blk_mem_gen_0_1/hdl/blk_mem_gen_v8_4_vhsyn_rfs.vhd:195321' bound to instance 'U0' of component 'blk_mem_gen_v8_4_3' [d:/Documents/_Uni/2019-2020/Senior/VGA driver/Vivado/vga_driver/vga_driver.srcs/sources_1/ip/blk_mem_gen_0_1/synth/blk_mem_gen_0.vhd:247]
INFO: [Synth 8-256] done synthesizing module 'blk_mem_gen_0' (11#1) [d:/Documents/_Uni/2019-2020/Senior/VGA driver/Vivado/vga_driver/vga_driver.srcs/sources_1/ip/blk_mem_gen_0_1/synth/blk_mem_gen_0.vhd:75]
WARNING: [Synth 8-3331] design blk_mem_gen_mux__parameterized0 has unconnected port MUX_RST[0]
WARNING: [Synth 8-3331] design blk_mem_gen_mux__parameterized0 has unconnected port MEM_LAT_RST
WARNING: [Synth 8-3331] design blk_mem_gen_mux__parameterized0 has unconnected port MEM_REG_RST
WARNING: [Synth 8-3331] design blk_mem_gen_mux__parameterized0 has unconnected port MUX_REGCE[0]
WARNING: [Synth 8-3331] design blk_mem_gen_mux__parameterized0 has unconnected port MEM_REGCE
WARNING: [Synth 8-3331] design blk_mem_gen_mux__parameterized0 has unconnected port WE
WARNING: [Synth 8-3331] design blk_mem_gen_mux__parameterized0 has unconnected port ADDR_IN[18]
WARNING: [Synth 8-3331] design blk_mem_gen_mux__parameterized0 has unconnected port ADDR_IN[17]
WARNING: [Synth 8-3331] design blk_mem_gen_mux__parameterized0 has unconnected port ADDR_IN[16]
WARNING: [Synth 8-3331] design blk_mem_gen_mux__parameterized0 has unconnected port ADDR_IN[15]
WARNING: [Synth 8-3331] design blk_mem_gen_mux__parameterized0 has unconnected port ADDR_IN[14]
WARNING: [Synth 8-3331] design blk_mem_gen_mux__parameterized0 has unconnected port ADDR_IN[13]
WARNING: [Synth 8-3331] design blk_mem_gen_mux__parameterized0 has unconnected port ADDR_IN[12]
WARNING: [Synth 8-3331] design blk_mem_gen_mux__parameterized0 has unconnected port ADDR_IN[11]
WARNING: [Synth 8-3331] design blk_mem_gen_mux__parameterized0 has unconnected port ADDR_IN[10]
WARNING: [Synth 8-3331] design blk_mem_gen_mux__parameterized0 has unconnected port ADDR_IN[9]
WARNING: [Synth 8-3331] design blk_mem_gen_mux__parameterized0 has unconnected port ADDR_IN[8]
WARNING: [Synth 8-3331] design blk_mem_gen_mux__parameterized0 has unconnected port ADDR_IN[7]
WARNING: [Synth 8-3331] design blk_mem_gen_mux__parameterized0 has unconnected port ADDR_IN[6]
WARNING: [Synth 8-3331] design blk_mem_gen_mux__parameterized0 has unconnected port ADDR_IN[5]
WARNING: [Synth 8-3331] design blk_mem_gen_mux__parameterized0 has unconnected port ADDR_IN[4]
WARNING: [Synth 8-3331] design blk_mem_gen_mux__parameterized0 has unconnected port ADDR_IN[3]
WARNING: [Synth 8-3331] design blk_mem_gen_mux__parameterized0 has unconnected port ADDR_IN[2]
WARNING: [Synth 8-3331] design blk_mem_gen_mux__parameterized0 has unconnected port ADDR_IN[1]
WARNING: [Synth 8-3331] design blk_mem_gen_mux__parameterized0 has unconnected port ADDR_IN[0]
WARNING: [Synth 8-3331] design blk_mem_gen_mux__parameterized0 has unconnected port SBITERRIN[127]
WARNING: [Synth 8-3331] design blk_mem_gen_mux__parameterized0 has unconnected port SBITERRIN[126]
WARNING: [Synth 8-3331] design blk_mem_gen_mux__parameterized0 has unconnected port SBITERRIN[125]
WARNING: [Synth 8-3331] design blk_mem_gen_mux__parameterized0 has unconnected port SBITERRIN[124]
WARNING: [Synth 8-3331] design blk_mem_gen_mux__parameterized0 has unconnected port SBITERRIN[123]
WARNING: [Synth 8-3331] design blk_mem_gen_mux__parameterized0 has unconnected port SBITERRIN[122]
WARNING: [Synth 8-3331] design blk_mem_gen_mux__parameterized0 has unconnected port SBITERRIN[121]
WARNING: [Synth 8-3331] design blk_mem_gen_mux__parameterized0 has unconnected port SBITERRIN[120]
WARNING: [Synth 8-3331] design blk_mem_gen_mux__parameterized0 has unconnected port SBITERRIN[119]
WARNING: [Synth 8-3331] design blk_mem_gen_mux__parameterized0 has unconnected port SBITERRIN[118]
WARNING: [Synth 8-3331] design blk_mem_gen_mux__parameterized0 has unconnected port SBITERRIN[117]
WARNING: [Synth 8-3331] design blk_mem_gen_mux__parameterized0 has unconnected port SBITERRIN[116]
WARNING: [Synth 8-3331] design blk_mem_gen_mux__parameterized0 has unconnected port SBITERRIN[115]
WARNING: [Synth 8-3331] design blk_mem_gen_mux__parameterized0 has unconnected port SBITERRIN[114]
WARNING: [Synth 8-3331] design blk_mem_gen_mux__parameterized0 has unconnected port SBITERRIN[113]
WARNING: [Synth 8-3331] design blk_mem_gen_mux__parameterized0 has unconnected port SBITERRIN[112]
WARNING: [Synth 8-3331] design blk_mem_gen_mux__parameterized0 has unconnected port SBITERRIN[111]
WARNING: [Synth 8-3331] design blk_mem_gen_mux__parameterized0 has unconnected port SBITERRIN[110]
WARNING: [Synth 8-3331] design blk_mem_gen_mux__parameterized0 has unconnected port SBITERRIN[109]
WARNING: [Synth 8-3331] design blk_mem_gen_mux__parameterized0 has unconnected port SBITERRIN[108]
WARNING: [Synth 8-3331] design blk_mem_gen_mux__parameterized0 has unconnected port SBITERRIN[107]
WARNING: [Synth 8-3331] design blk_mem_gen_mux__parameterized0 has unconnected port SBITERRIN[106]
WARNING: [Synth 8-3331] design blk_mem_gen_mux__parameterized0 has unconnected port SBITERRIN[105]
WARNING: [Synth 8-3331] design blk_mem_gen_mux__parameterized0 has unconnected port SBITERRIN[104]
WARNING: [Synth 8-3331] design blk_mem_gen_mux__parameterized0 has unconnected port SBITERRIN[103]
WARNING: [Synth 8-3331] design blk_mem_gen_mux__parameterized0 has unconnected port SBITERRIN[102]
WARNING: [Synth 8-3331] design blk_mem_gen_mux__parameterized0 has unconnected port SBITERRIN[101]
WARNING: [Synth 8-3331] design blk_mem_gen_mux__parameterized0 has unconnected port SBITERRIN[100]
WARNING: [Synth 8-3331] design blk_mem_gen_mux__parameterized0 has unconnected port SBITERRIN[99]
WARNING: [Synth 8-3331] design blk_mem_gen_mux__parameterized0 has unconnected port SBITERRIN[98]
WARNING: [Synth 8-3331] design blk_mem_gen_mux__parameterized0 has unconnected port SBITERRIN[97]
WARNING: [Synth 8-3331] design blk_mem_gen_mux__parameterized0 has unconnected port SBITERRIN[96]
WARNING: [Synth 8-3331] design blk_mem_gen_mux__parameterized0 has unconnected port SBITERRIN[95]
WARNING: [Synth 8-3331] design blk_mem_gen_mux__parameterized0 has unconnected port SBITERRIN[94]
WARNING: [Synth 8-3331] design blk_mem_gen_mux__parameterized0 has unconnected port SBITERRIN[93]
WARNING: [Synth 8-3331] design blk_mem_gen_mux__parameterized0 has unconnected port SBITERRIN[92]
WARNING: [Synth 8-3331] design blk_mem_gen_mux__parameterized0 has unconnected port SBITERRIN[91]
WARNING: [Synth 8-3331] design blk_mem_gen_mux__parameterized0 has unconnected port SBITERRIN[90]
WARNING: [Synth 8-3331] design blk_mem_gen_mux__parameterized0 has unconnected port SBITERRIN[89]
WARNING: [Synth 8-3331] design blk_mem_gen_mux__parameterized0 has unconnected port SBITERRIN[88]
WARNING: [Synth 8-3331] design blk_mem_gen_mux__parameterized0 has unconnected port SBITERRIN[87]
WARNING: [Synth 8-3331] design blk_mem_gen_mux__parameterized0 has unconnected port SBITERRIN[86]
WARNING: [Synth 8-3331] design blk_mem_gen_mux__parameterized0 has unconnected port SBITERRIN[85]
WARNING: [Synth 8-3331] design blk_mem_gen_mux__parameterized0 has unconnected port SBITERRIN[84]
WARNING: [Synth 8-3331] design blk_mem_gen_mux__parameterized0 has unconnected port SBITERRIN[83]
WARNING: [Synth 8-3331] design blk_mem_gen_mux__parameterized0 has unconnected port SBITERRIN[82]
WARNING: [Synth 8-3331] design blk_mem_gen_mux__parameterized0 has unconnected port SBITERRIN[81]
WARNING: [Synth 8-3331] design blk_mem_gen_mux__parameterized0 has unconnected port SBITERRIN[80]
WARNING: [Synth 8-3331] design blk_mem_gen_mux__parameterized0 has unconnected port SBITERRIN[79]
WARNING: [Synth 8-3331] design blk_mem_gen_mux__parameterized0 has unconnected port SBITERRIN[78]
WARNING: [Synth 8-3331] design blk_mem_gen_mux__parameterized0 has unconnected port SBITERRIN[77]
WARNING: [Synth 8-3331] design blk_mem_gen_mux__parameterized0 has unconnected port SBITERRIN[76]
WARNING: [Synth 8-3331] design blk_mem_gen_mux__parameterized0 has unconnected port SBITERRIN[75]
WARNING: [Synth 8-3331] design blk_mem_gen_mux__parameterized0 has unconnected port SBITERRIN[74]
WARNING: [Synth 8-3331] design blk_mem_gen_mux__parameterized0 has unconnected port SBITERRIN[73]
WARNING: [Synth 8-3331] design blk_mem_gen_mux__parameterized0 has unconnected port SBITERRIN[72]
WARNING: [Synth 8-3331] design blk_mem_gen_mux__parameterized0 has unconnected port SBITERRIN[71]
WARNING: [Synth 8-3331] design blk_mem_gen_mux__parameterized0 has unconnected port SBITERRIN[70]
WARNING: [Synth 8-3331] design blk_mem_gen_mux__parameterized0 has unconnected port SBITERRIN[69]
WARNING: [Synth 8-3331] design blk_mem_gen_mux__parameterized0 has unconnected port SBITERRIN[68]
WARNING: [Synth 8-3331] design blk_mem_gen_mux__parameterized0 has unconnected port SBITERRIN[67]
WARNING: [Synth 8-3331] design blk_mem_gen_mux__parameterized0 has unconnected port SBITERRIN[66]
WARNING: [Synth 8-3331] design blk_mem_gen_mux__parameterized0 has unconnected port SBITERRIN[65]
WARNING: [Synth 8-3331] design blk_mem_gen_mux__parameterized0 has unconnected port SBITERRIN[64]
WARNING: [Synth 8-3331] design blk_mem_gen_mux__parameterized0 has unconnected port SBITERRIN[63]
WARNING: [Synth 8-3331] design blk_mem_gen_mux__parameterized0 has unconnected port SBITERRIN[62]
WARNING: [Synth 8-3331] design blk_mem_gen_mux__parameterized0 has unconnected port SBITERRIN[61]
WARNING: [Synth 8-3331] design blk_mem_gen_mux__parameterized0 has unconnected port SBITERRIN[60]
WARNING: [Synth 8-3331] design blk_mem_gen_mux__parameterized0 has unconnected port SBITERRIN[59]
WARNING: [Synth 8-3331] design blk_mem_gen_mux__parameterized0 has unconnected port SBITERRIN[58]
WARNING: [Synth 8-3331] design blk_mem_gen_mux__parameterized0 has unconnected port SBITERRIN[57]
WARNING: [Synth 8-3331] design blk_mem_gen_mux__parameterized0 has unconnected port SBITERRIN[56]
WARNING: [Synth 8-3331] design blk_mem_gen_mux__parameterized0 has unconnected port SBITERRIN[55]
WARNING: [Synth 8-3331] design blk_mem_gen_mux__parameterized0 has unconnected port SBITERRIN[54]
WARNING: [Synth 8-3331] design blk_mem_gen_mux__parameterized0 has unconnected port SBITERRIN[53]
INFO: [Common 17-14] Message 'Synth 8-3331' appears 100 times and further instances of the messages will be disabled. Use the Tcl command set_msg_config to change the current settings.
---------------------------------------------------------------------------------
Finished RTL Elaboration : Time (s): cpu = 00:03:57 ; elapsed = 00:04:03 . Memory (MB): peak = 1276.023 ; gain = 748.711
---------------------------------------------------------------------------------

Report Check Netlist: 
+------+------------------+-------+---------+-------+------------------+
|      |Item              |Errors |Warnings |Status |Description       |
+------+------------------+-------+---------+-------+------------------+
|1     |multi_driven_nets |      0|        0|Passed |Multi driven nets |
+------+------------------+-------+---------+-------+------------------+
---------------------------------------------------------------------------------
Start Handling Custom Attributes
---------------------------------------------------------------------------------
---------------------------------------------------------------------------------
Finished Handling Custom Attributes : Time (s): cpu = 00:03:58 ; elapsed = 00:04:04 . Memory (MB): peak = 1276.023 ; gain = 748.711
---------------------------------------------------------------------------------
---------------------------------------------------------------------------------
Finished RTL Optimization Phase 1 : Time (s): cpu = 00:03:58 ; elapsed = 00:04:04 . Memory (MB): peak = 1276.023 ; gain = 748.711
---------------------------------------------------------------------------------
INFO: [Netlist 29-17] Analyzing 75 Unisim elements for replacement
INFO: [Netlist 29-28] Unisim Transformation completed in 0 CPU seconds
INFO: [Project 1-570] Preparing netlist for logic optimization

Processing XDC Constraints
Initializing timing engine
Parsing XDC File [d:/Documents/_Uni/2019-2020/Senior/VGA driver/Vivado/vga_driver/vga_driver.srcs/sources_1/ip/blk_mem_gen_0_1/blk_mem_gen_0_ooc.xdc] for cell 'U0'
Finished Parsing XDC File [d:/Documents/_Uni/2019-2020/Senior/VGA driver/Vivado/vga_driver/vga_driver.srcs/sources_1/ip/blk_mem_gen_0_1/blk_mem_gen_0_ooc.xdc] for cell 'U0'
Parsing XDC File [D:/Documents/_Uni/2019-2020/Senior/VGA driver/Vivado/vga_driver/vga_driver.runs/blk_mem_gen_0_synth_1/dont_touch.xdc]
Finished Parsing XDC File [D:/Documents/_Uni/2019-2020/Senior/VGA driver/Vivado/vga_driver/vga_driver.runs/blk_mem_gen_0_synth_1/dont_touch.xdc]
Completed Processing XDC Constraints

Netlist sorting complete. Time (s): cpu = 00:00:00 ; elapsed = 00:00:00.002 . Memory (MB): peak = 1276.023 ; gain = 0.000
INFO: [Project 1-111] Unisim Transformation Summary:
No Unisim elements were transformed.

Constraint Validation Runtime : Time (s): cpu = 00:00:00 ; elapsed = 00:00:00.188 . Memory (MB): peak = 1276.023 ; gain = 0.000
---------------------------------------------------------------------------------
Finished Constraint Validation : Time (s): cpu = 00:04:09 ; elapsed = 00:04:15 . Memory (MB): peak = 1276.023 ; gain = 748.711
---------------------------------------------------------------------------------
---------------------------------------------------------------------------------
Start Loading Part and Timing Information
---------------------------------------------------------------------------------
Loading part: xc7s50csga324-2
---------------------------------------------------------------------------------
Finished Loading Part and Timing Information : Time (s): cpu = 00:04:09 ; elapsed = 00:04:15 . Memory (MB): peak = 1276.023 ; gain = 748.711
---------------------------------------------------------------------------------
---------------------------------------------------------------------------------
Start Applying 'set_property' XDC Constraints
---------------------------------------------------------------------------------
Applied set_property DONT_TOUCH = true for U0. (constraint file  {D:/Documents/_Uni/2019-2020/Senior/VGA driver/Vivado/vga_driver/vga_driver.runs/blk_mem_gen_0_synth_1/dont_touch.xdc}, line 9).
---------------------------------------------------------------------------------
Finished applying 'set_property' XDC Constraints : Time (s): cpu = 00:04:09 ; elapsed = 00:04:15 . Memory (MB): peak = 1276.023 ; gain = 748.711
---------------------------------------------------------------------------------
---------------------------------------------------------------------------------
Finished RTL Optimization Phase 2 : Time (s): cpu = 00:04:14 ; elapsed = 00:04:21 . Memory (MB): peak = 1276.023 ; gain = 748.711
---------------------------------------------------------------------------------

Report RTL Partitions: 
+-+--------------+------------+----------+
| |RTL Partition |Replication |Instances |
+-+--------------+------------+----------+
+-+--------------+------------+----------+
---------------------------------------------------------------------------------
Start RTL Component Statistics 
---------------------------------------------------------------------------------
Detailed RTL Component Info : 
+---Registers : 
	                7 Bit    Registers := 2     
+---Muxes : 
	   2 Input      1 Bit        Muxes := 256   
---------------------------------------------------------------------------------
Finished RTL Component Statistics 
---------------------------------------------------------------------------------
---------------------------------------------------------------------------------
Start RTL Hierarchical Component Statistics 
---------------------------------------------------------------------------------
Hierarchical RTL Component report 
Module bindec 
Detailed RTL Component Info : 
+---Muxes : 
	   2 Input      1 Bit        Muxes := 128   
Module blk_mem_gen_mux 
Detailed RTL Component Info : 
+---Registers : 
	                7 Bit    Registers := 1     
Module blk_mem_gen_mux__parameterized0 
Detailed RTL Component Info : 
+---Registers : 
	                7 Bit    Registers := 1     
---------------------------------------------------------------------------------
Finished RTL Hierarchical Component Statistics
---------------------------------------------------------------------------------
---------------------------------------------------------------------------------
Start Part Resource Summary
---------------------------------------------------------------------------------
Part Resources:
DSPs: 120 (col length:60)
BRAMs: 150 (col length: RAMB18 60 RAMB36 30)
---------------------------------------------------------------------------------
Finished Part Resource Summary
---------------------------------------------------------------------------------
---------------------------------------------------------------------------------
Start Cross Boundary and Area Optimization
---------------------------------------------------------------------------------
Warning: Parallel synthesis criteria is not met 
---------------------------------------------------------------------------------
Finished Cross Boundary and Area Optimization : Time (s): cpu = 00:04:22 ; elapsed = 00:04:30 . Memory (MB): peak = 1276.023 ; gain = 748.711
---------------------------------------------------------------------------------

Report RTL Partitions: 
+-+--------------+------------+----------+
| |RTL Partition |Replication |Instances |
+-+--------------+------------+----------+
+-+--------------+------------+----------+
---------------------------------------------------------------------------------
Start Applying XDC Timing Constraints
---------------------------------------------------------------------------------
---------------------------------------------------------------------------------
Finished Applying XDC Timing Constraints : Time (s): cpu = 00:04:32 ; elapsed = 00:04:40 . Memory (MB): peak = 1276.023 ; gain = 748.711
---------------------------------------------------------------------------------
---------------------------------------------------------------------------------
Start Timing Optimization
---------------------------------------------------------------------------------
---------------------------------------------------------------------------------
Finished Timing Optimization : Time (s): cpu = 00:04:33 ; elapsed = 00:04:41 . Memory (MB): peak = 1276.023 ; gain = 748.711
---------------------------------------------------------------------------------

Report RTL Partitions: 
+-+--------------+------------+----------+
| |RTL Partition |Replication |Instances |
+-+--------------+------------+----------+
+-+--------------+------------+----------+
---------------------------------------------------------------------------------
Start Technology Mapping
---------------------------------------------------------------------------------
---------------------------------------------------------------------------------
Finished Technology Mapping : Time (s): cpu = 00:04:33 ; elapsed = 00:04:42 . Memory (MB): peak = 1276.023 ; gain = 748.711
---------------------------------------------------------------------------------

Report RTL Partitions: 
+-+--------------+------------+----------+
| |RTL Partition |Replication |Instances |
+-+--------------+------------+----------+
+-+--------------+------------+----------+
---------------------------------------------------------------------------------
Start IO Insertion
---------------------------------------------------------------------------------
---------------------------------------------------------------------------------
Start Flattening Before IO Insertion
---------------------------------------------------------------------------------
---------------------------------------------------------------------------------
Finished Flattening Before IO Insertion
---------------------------------------------------------------------------------
---------------------------------------------------------------------------------
Start Final Netlist Cleanup
---------------------------------------------------------------------------------
---------------------------------------------------------------------------------
Finished Final Netlist Cleanup
---------------------------------------------------------------------------------
---------------------------------------------------------------------------------
Finished IO Insertion : Time (s): cpu = 00:04:36 ; elapsed = 00:04:44 . Memory (MB): peak = 1276.023 ; gain = 748.711
---------------------------------------------------------------------------------

Report Check Netlist: 
+------+------------------+-------+---------+-------+------------------+
|      |Item              |Errors |Warnings |Status |Description       |
+------+------------------+-------+---------+-------+------------------+
|1     |multi_driven_nets |      0|        0|Passed |Multi driven nets |
+------+------------------+-------+---------+-------+------------------+
---------------------------------------------------------------------------------
Start Renaming Generated Instances
---------------------------------------------------------------------------------
---------------------------------------------------------------------------------
Finished Renaming Generated Instances : Time (s): cpu = 00:04:36 ; elapsed = 00:04:44 . Memory (MB): peak = 1276.023 ; gain = 748.711
---------------------------------------------------------------------------------

Report RTL Partitions: 
+-+--------------+------------+----------+
| |RTL Partition |Replication |Instances |
+-+--------------+------------+----------+
+-+--------------+------------+----------+
---------------------------------------------------------------------------------
Start Rebuilding User Hierarchy
---------------------------------------------------------------------------------
---------------------------------------------------------------------------------
Finished Rebuilding User Hierarchy : Time (s): cpu = 00:04:37 ; elapsed = 00:04:45 . Memory (MB): peak = 1276.023 ; gain = 748.711
---------------------------------------------------------------------------------
---------------------------------------------------------------------------------
Start Renaming Generated Ports
---------------------------------------------------------------------------------
---------------------------------------------------------------------------------
Finished Renaming Generated Ports : Time (s): cpu = 00:04:37 ; elapsed = 00:04:45 . Memory (MB): peak = 1276.023 ; gain = 748.711
---------------------------------------------------------------------------------
---------------------------------------------------------------------------------
Start Handling Custom Attributes
---------------------------------------------------------------------------------
---------------------------------------------------------------------------------
Finished Handling Custom Attributes : Time (s): cpu = 00:04:37 ; elapsed = 00:04:45 . Memory (MB): peak = 1276.023 ; gain = 748.711
---------------------------------------------------------------------------------
---------------------------------------------------------------------------------
Start Renaming Generated Nets
---------------------------------------------------------------------------------
---------------------------------------------------------------------------------
Finished Renaming Generated Nets : Time (s): cpu = 00:04:37 ; elapsed = 00:04:45 . Memory (MB): peak = 1276.023 ; gain = 748.711
---------------------------------------------------------------------------------
---------------------------------------------------------------------------------
Start Writing Synthesis Report
---------------------------------------------------------------------------------

Report BlackBoxes: 
+-+--------------+----------+
| |BlackBox name |Instances |
+-+--------------+----------+
+-+--------------+----------+

Report Cell Usage: 
+------+---------+------+
|      |Cell     |Count |
+------+---------+------+
|1     |LUT2     |     9|
|2     |LUT3     |     8|
|3     |LUT4     |     6|
|4     |LUT5     |    24|
|5     |LUT6     |   504|
|6     |MUXF7    |   180|
|7     |MUXF8    |    72|
|8     |RAMB36E1 |    75|
|9     |FDRE     |    14|
+------+---------+------+

Report Instance Areas: 
+------+---------------------------------------------+-----------------------------------------------+------+
|      |Instance                                     |Module                                         |Cells |
+------+---------------------------------------------+-----------------------------------------------+------+
|1     |top                                          |                                               |   892|
|2     |  U0                                         |blk_mem_gen_v8_4_3                             |   892|
|3     |    inst_blk_mem_gen                         |blk_mem_gen_v8_4_3_synth                       |   892|
|4     |      \gnbram.gnativebmg.native_blk_mem_gen  |blk_mem_gen_top                                |   892|
|5     |        \valid.cstr                          |blk_mem_gen_generic_cstr                       |   892|
|6     |          \has_mux_a.A                       |blk_mem_gen_mux                                |   322|
|7     |          \has_mux_b.B                       |blk_mem_gen_mux__parameterized0                |   322|
|8     |          \ramloop[0].ram.r                  |blk_mem_gen_prim_width                         |     3|
|9     |            \prim_init.ram                   |blk_mem_gen_prim_wrapper_init                  |     3|
|10    |          \ramloop[10].ram.r                 |blk_mem_gen_prim_width__parameterized9         |     3|
|11    |            \prim_init.ram                   |blk_mem_gen_prim_wrapper_init__parameterized9  |     3|
|12    |          \ramloop[11].ram.r                 |blk_mem_gen_prim_width__parameterized10        |     4|
|13    |            \prim_init.ram                   |blk_mem_gen_prim_wrapper_init__parameterized10 |     4|
|14    |          \ramloop[12].ram.r                 |blk_mem_gen_prim_width__parameterized11        |     3|
|15    |            \prim_init.ram                   |blk_mem_gen_prim_wrapper_init__parameterized11 |     3|
|16    |          \ramloop[13].ram.r                 |blk_mem_gen_prim_width__parameterized12        |     3|
|17    |            \prim_init.ram                   |blk_mem_gen_prim_wrapper_init__parameterized12 |     3|
|18    |          \ramloop[14].ram.r                 |blk_mem_gen_prim_width__parameterized13        |     3|
|19    |            \prim_init.ram                   |blk_mem_gen_prim_wrapper_init__parameterized13 |     3|
|20    |          \ramloop[15].ram.r                 |blk_mem_gen_prim_width__parameterized14        |     3|
|21    |            \prim_init.ram                   |blk_mem_gen_prim_wrapper_init__parameterized14 |     3|
|22    |          \ramloop[16].ram.r                 |blk_mem_gen_prim_width__parameterized15        |     3|
|23    |            \prim_init.ram                   |blk_mem_gen_prim_wrapper_init__parameterized15 |     3|
|24    |          \ramloop[17].ram.r                 |blk_mem_gen_prim_width__parameterized16        |     3|
|25    |            \prim_init.ram                   |blk_mem_gen_prim_wrapper_init__parameterized16 |     3|
|26    |          \ramloop[18].ram.r                 |blk_mem_gen_prim_width__parameterized17        |     3|
|27    |            \prim_init.ram                   |blk_mem_gen_prim_wrapper_init__parameterized17 |     3|
|28    |          \ramloop[19].ram.r                 |blk_mem_gen_prim_width__parameterized18        |     3|
|29    |            \prim_init.ram                   |blk_mem_gen_prim_wrapper_init__parameterized18 |     3|
|30    |          \ramloop[1].ram.r                  |blk_mem_gen_prim_width__parameterized0         |     3|
|31    |            \prim_init.ram                   |blk_mem_gen_prim_wrapper_init__parameterized0  |     3|
|32    |          \ramloop[20].ram.r                 |blk_mem_gen_prim_width__parameterized19        |     3|
|33    |            \prim_init.ram                   |blk_mem_gen_prim_wrapper_init__parameterized19 |     3|
|34    |          \ramloop[21].ram.r                 |blk_mem_gen_prim_width__parameterized20        |     3|
|35    |            \prim_init.ram                   |blk_mem_gen_prim_wrapper_init__parameterized20 |     3|
|36    |          \ramloop[22].ram.r                 |blk_mem_gen_prim_width__parameterized21        |     3|
|37    |            \prim_init.ram                   |blk_mem_gen_prim_wrapper_init__parameterized21 |     3|
|38    |          \ramloop[23].ram.r                 |blk_mem_gen_prim_width__parameterized22        |     3|
|39    |            \prim_init.ram                   |blk_mem_gen_prim_wrapper_init__parameterized22 |     3|
|40    |          \ramloop[24].ram.r                 |blk_mem_gen_prim_width__parameterized23        |     3|
|41    |            \prim_init.ram                   |blk_mem_gen_prim_wrapper_init__parameterized23 |     3|
|42    |          \ramloop[25].ram.r                 |blk_mem_gen_prim_width__parameterized24        |     3|
|43    |            \prim_init.ram                   |blk_mem_gen_prim_wrapper_init__parameterized24 |     3|
|44    |          \ramloop[26].ram.r                 |blk_mem_gen_prim_width__parameterized25        |     3|
|45    |            \prim_init.ram                   |blk_mem_gen_prim_wrapper_init__parameterized25 |     3|
|46    |          \ramloop[27].ram.r                 |blk_mem_gen_prim_width__parameterized26        |     4|
|47    |            \prim_init.ram                   |blk_mem_gen_prim_wrapper_init__parameterized26 |     4|
|48    |          \ramloop[28].ram.r                 |blk_mem_gen_prim_width__parameterized27        |     3|
|49    |            \prim_init.ram                   |blk_mem_gen_prim_wrapper_init__parameterized27 |     3|
|50    |          \ramloop[29].ram.r                 |blk_mem_gen_prim_width__parameterized28        |     4|
|51    |            \prim_init.ram                   |blk_mem_gen_prim_wrapper_init__parameterized28 |     4|
|52    |          \ramloop[2].ram.r                  |blk_mem_gen_prim_width__parameterized1         |     3|
|53    |            \prim_init.ram                   |blk_mem_gen_prim_wrapper_init__parameterized1  |     3|
|54    |          \ramloop[30].ram.r                 |blk_mem_gen_prim_width__parameterized29        |     3|
|55    |            \prim_init.ram                   |blk_mem_gen_prim_wrapper_init__parameterized29 |     3|
|56    |          \ramloop[31].ram.r                 |blk_mem_gen_prim_width__parameterized30        |     3|
|57    |            \prim_init.ram                   |blk_mem_gen_prim_wrapper_init__parameterized30 |     3|
|58    |          \ramloop[32].ram.r                 |blk_mem_gen_prim_width__parameterized31        |     4|
|59    |            \prim_init.ram                   |blk_mem_gen_prim_wrapper_init__parameterized31 |     4|
|60    |          \ramloop[33].ram.r                 |blk_mem_gen_prim_width__parameterized32        |     3|
|61    |            \prim_init.ram                   |blk_mem_gen_prim_wrapper_init__parameterized32 |     3|
|62    |          \ramloop[34].ram.r                 |blk_mem_gen_prim_width__parameterized33        |     3|
|63    |            \prim_init.ram                   |blk_mem_gen_prim_wrapper_init__parameterized33 |     3|
|64    |          \ramloop[35].ram.r                 |blk_mem_gen_prim_width__parameterized34        |     3|
|65    |            \prim_init.ram                   |blk_mem_gen_prim_wrapper_init__parameterized34 |     3|
|66    |          \ramloop[36].ram.r                 |blk_mem_gen_prim_width__parameterized35        |     4|
|67    |            \prim_init.ram                   |blk_mem_gen_prim_wrapper_init__parameterized35 |     4|
|68    |          \ramloop[37].ram.r                 |blk_mem_gen_prim_width__parameterized36        |     3|
|69    |            \prim_init.ram                   |blk_mem_gen_prim_wrapper_init__parameterized36 |     3|
|70    |          \ramloop[38].ram.r                 |blk_mem_gen_prim_width__parameterized37        |     3|
|71    |            \prim_init.ram                   |blk_mem_gen_prim_wrapper_init__parameterized37 |     3|
|72    |          \ramloop[39].ram.r                 |blk_mem_gen_prim_width__parameterized38        |     3|
|73    |            \prim_init.ram                   |blk_mem_gen_prim_wrapper_init__parameterized38 |     3|
|74    |          \ramloop[3].ram.r                  |blk_mem_gen_prim_width__parameterized2         |     4|
|75    |            \prim_init.ram                   |blk_mem_gen_prim_wrapper_init__parameterized2  |     4|
|76    |          \ramloop[40].ram.r                 |blk_mem_gen_prim_width__parameterized39        |     3|
|77    |            \prim_init.ram                   |blk_mem_gen_prim_wrapper_init__parameterized39 |     3|
|78    |          \ramloop[41].ram.r                 |blk_mem_gen_prim_width__parameterized40        |     3|
|79    |            \prim_init.ram                   |blk_mem_gen_prim_wrapper_init__parameterized40 |     3|
|80    |          \ramloop[42].ram.r                 |blk_mem_gen_prim_width__parameterized41        |     3|
|81    |            \prim_init.ram                   |blk_mem_gen_prim_wrapper_init__parameterized41 |     3|
|82    |          \ramloop[43].ram.r                 |blk_mem_gen_prim_width__parameterized42        |     4|
|83    |            \prim_init.ram                   |blk_mem_gen_prim_wrapper_init__parameterized42 |     4|
|84    |          \ramloop[44].ram.r                 |blk_mem_gen_prim_width__parameterized43        |     3|
|85    |            \prim_init.ram                   |blk_mem_gen_prim_wrapper_init__parameterized43 |     3|
|86    |          \ramloop[45].ram.r                 |blk_mem_gen_prim_width__parameterized44        |     4|
|87    |            \prim_init.ram                   |blk_mem_gen_prim_wrapper_init__parameterized44 |     4|
|88    |          \ramloop[46].ram.r                 |blk_mem_gen_prim_width__parameterized45        |     4|
|89    |            \prim_init.ram                   |blk_mem_gen_prim_wrapper_init__parameterized45 |     4|
|90    |          \ramloop[47].ram.r                 |blk_mem_gen_prim_width__parameterized46        |     3|
|91    |            \prim_init.ram                   |blk_mem_gen_prim_wrapper_init__parameterized46 |     3|
|92    |          \ramloop[48].ram.r                 |blk_mem_gen_prim_width__parameterized47        |     3|
|93    |            \prim_init.ram                   |blk_mem_gen_prim_wrapper_init__parameterized47 |     3|
|94    |          \ramloop[49].ram.r                 |blk_mem_gen_prim_width__parameterized48        |     3|
|95    |            \prim_init.ram                   |blk_mem_gen_prim_wrapper_init__parameterized48 |     3|
|96    |          \ramloop[4].ram.r                  |blk_mem_gen_prim_width__parameterized3         |     3|
|97    |            \prim_init.ram                   |blk_mem_gen_prim_wrapper_init__parameterized3  |     3|
|98    |          \ramloop[50].ram.r                 |blk_mem_gen_prim_width__parameterized49        |     3|
|99    |            \prim_init.ram                   |blk_mem_gen_prim_wrapper_init__parameterized49 |     3|
|100   |          \ramloop[51].ram.r                 |blk_mem_gen_prim_width__parameterized50        |     4|
|101   |            \prim_init.ram                   |blk_mem_gen_prim_wrapper_init__parameterized50 |     4|
|102   |          \ramloop[52].ram.r                 |blk_mem_gen_prim_width__parameterized51        |     4|
|103   |            \prim_init.ram                   |blk_mem_gen_prim_wrapper_init__parameterized51 |     4|
|104   |          \ramloop[53].ram.r                 |blk_mem_gen_prim_width__parameterized52        |     3|
|105   |            \prim_init.ram                   |blk_mem_gen_prim_wrapper_init__parameterized52 |     3|
|106   |          \ramloop[54].ram.r                 |blk_mem_gen_prim_width__parameterized53        |     3|
|107   |            \prim_init.ram                   |blk_mem_gen_prim_wrapper_init__parameterized53 |     3|
|108   |          \ramloop[55].ram.r                 |blk_mem_gen_prim_width__parameterized54        |     3|
|109   |            \prim_init.ram                   |blk_mem_gen_prim_wrapper_init__parameterized54 |     3|
|110   |          \ramloop[56].ram.r                 |blk_mem_gen_prim_width__parameterized55        |     4|
|111   |            \prim_init.ram                   |blk_mem_gen_prim_wrapper_init__parameterized55 |     4|
|112   |          \ramloop[57].ram.r                 |blk_mem_gen_prim_width__parameterized56        |     4|
|113   |            \prim_init.ram                   |blk_mem_gen_prim_wrapper_init__parameterized56 |     4|
|114   |          \ramloop[58].ram.r                 |blk_mem_gen_prim_width__parameterized57        |     4|
|115   |            \prim_init.ram                   |blk_mem_gen_prim_wrapper_init__parameterized57 |     4|
|116   |          \ramloop[59].ram.r                 |blk_mem_gen_prim_width__parameterized58        |     4|
|117   |            \prim_init.ram                   |blk_mem_gen_prim_wrapper_init__parameterized58 |     4|
|118   |          \ramloop[5].ram.r                  |blk_mem_gen_prim_width__parameterized4         |     3|
|119   |            \prim_init.ram                   |blk_mem_gen_prim_wrapper_init__parameterized4  |     3|
|120   |          \ramloop[60].ram.r                 |blk_mem_gen_prim_width__parameterized59        |     4|
|121   |            \prim_init.ram                   |blk_mem_gen_prim_wrapper_init__parameterized59 |     4|
|122   |          \ramloop[61].ram.r                 |blk_mem_gen_prim_width__parameterized60        |     4|
|123   |            \prim_init.ram                   |blk_mem_gen_prim_wrapper_init__parameterized60 |     4|
|124   |          \ramloop[62].ram.r                 |blk_mem_gen_prim_width__parameterized61        |     3|
|125   |            \prim_init.ram                   |blk_mem_gen_prim_wrapper_init__parameterized61 |     3|
|126   |          \ramloop[63].ram.r                 |blk_mem_gen_prim_width__parameterized62        |     4|
|127   |            \prim_init.ram                   |blk_mem_gen_prim_wrapper_init__parameterized62 |     4|
|128   |          \ramloop[64].ram.r                 |blk_mem_gen_prim_width__parameterized63        |     3|
|129   |            \prim_init.ram                   |blk_mem_gen_prim_wrapper_init__parameterized63 |     3|
|130   |          \ramloop[65].ram.r                 |blk_mem_gen_prim_width__parameterized64        |     4|
|131   |            \prim_init.ram                   |blk_mem_gen_prim_wrapper_init__parameterized64 |     4|
|132   |          \ramloop[66].ram.r                 |blk_mem_gen_prim_width__parameterized65        |     3|
|133   |            \prim_init.ram                   |blk_mem_gen_prim_wrapper_init__parameterized65 |     3|
|134   |          \ramloop[67].ram.r                 |blk_mem_gen_prim_width__parameterized66        |     4|
|135   |            \prim_init.ram                   |blk_mem_gen_prim_wrapper_init__parameterized66 |     4|
|136   |          \ramloop[68].ram.r                 |blk_mem_gen_prim_width__parameterized67        |     3|
|137   |            \prim_init.ram                   |blk_mem_gen_prim_wrapper_init__parameterized67 |     3|
|138   |          \ramloop[69].ram.r                 |blk_mem_gen_prim_width__parameterized68        |     3|
|139   |            \prim_init.ram                   |blk_mem_gen_prim_wrapper_init__parameterized68 |     3|
|140   |          \ramloop[6].ram.r                  |blk_mem_gen_prim_width__parameterized5         |     3|
|141   |            \prim_init.ram                   |blk_mem_gen_prim_wrapper_init__parameterized5  |     3|
|142   |          \ramloop[70].ram.r                 |blk_mem_gen_prim_width__parameterized69        |     4|
|143   |            \prim_init.ram                   |blk_mem_gen_prim_wrapper_init__parameterized69 |     4|
|144   |          \ramloop[71].ram.r                 |blk_mem_gen_prim_width__parameterized70        |     4|
|145   |            \prim_init.ram                   |blk_mem_gen_prim_wrapper_init__parameterized70 |     4|
|146   |          \ramloop[72].ram.r                 |blk_mem_gen_prim_width__parameterized71        |     3|
|147   |            \prim_init.ram                   |blk_mem_gen_prim_wrapper_init__parameterized71 |     3|
|148   |          \ramloop[73].ram.r                 |blk_mem_gen_prim_width__parameterized72        |     3|
|149   |            \prim_init.ram                   |blk_mem_gen_prim_wrapper_init__parameterized72 |     3|
|150   |          \ramloop[74].ram.r                 |blk_mem_gen_prim_width__parameterized73        |     4|
|151   |            \prim_init.ram                   |blk_mem_gen_prim_wrapper_init__parameterized73 |     4|
|152   |          \ramloop[7].ram.r                  |blk_mem_gen_prim_width__parameterized6         |     3|
|153   |            \prim_init.ram                   |blk_mem_gen_prim_wrapper_init__parameterized6  |     3|
|154   |          \ramloop[8].ram.r                  |blk_mem_gen_prim_width__parameterized7         |     3|
|155   |            \prim_init.ram                   |blk_mem_gen_prim_wrapper_init__parameterized7  |     3|
|156   |          \ramloop[9].ram.r                  |blk_mem_gen_prim_width__parameterized8         |     3|
|157   |            \prim_init.ram                   |blk_mem_gen_prim_wrapper_init__parameterized8  |     3|
+------+---------------------------------------------+-----------------------------------------------+------+
---------------------------------------------------------------------------------
Finished Writing Synthesis Report : Time (s): cpu = 00:04:37 ; elapsed = 00:04:45 . Memory (MB): peak = 1276.023 ; gain = 748.711
---------------------------------------------------------------------------------
Synthesis finished with 0 errors, 0 critical warnings and 693 warnings.
Synthesis Optimization Runtime : Time (s): cpu = 00:00:33 ; elapsed = 00:04:39 . Memory (MB): peak = 1276.023 ; gain = 748.711
Synthesis Optimization Complete : Time (s): cpu = 00:04:37 ; elapsed = 00:04:45 . Memory (MB): peak = 1276.023 ; gain = 748.711
INFO: [Project 1-571] Translating synthesized netlist
INFO: [Netlist 29-17] Analyzing 327 Unisim elements for replacement
INFO: [Netlist 29-28] Unisim Transformation completed in 0 CPU seconds
INFO: [Project 1-570] Preparing netlist for logic optimization
INFO: [Opt 31-138] Pushed 0 inverter(s) to 0 load pin(s).
Netlist sorting complete. Time (s): cpu = 00:00:00 ; elapsed = 00:00:00.002 . Memory (MB): peak = 1276.023 ; gain = 0.000
INFO: [Project 1-111] Unisim Transformation Summary:
No Unisim elements were transformed.

INFO: [Common 17-83] Releasing license: Synthesis
17 Infos, 100 Warnings, 0 Critical Warnings and 0 Errors encountered.
synth_design completed successfully
synth_design: Time (s): cpu = 00:04:43 ; elapsed = 00:04:53 . Memory (MB): peak = 1276.023 ; gain = 982.984
Netlist sorting complete. Time (s): cpu = 00:00:00 ; elapsed = 00:00:00.001 . Memory (MB): peak = 1276.023 ; gain = 0.000
WARNING: [Constraints 18-5210] No constraints selected for write.
Resolution: This message can indicate that there are no constraints for the design, or it can indicate that the used_in flags are set such that the constraints are ignored. This later case is used when running synth_design to not write synthesis constraints to the resulting checkpoint. Instead, project constraints are read when the synthesized design is opened.
INFO: [Common 17-1381] The checkpoint 'D:/Documents/_Uni/2019-2020/Senior/VGA driver/Vivado/vga_driver/vga_driver.runs/blk_mem_gen_0_synth_1/blk_mem_gen_0.dcp' has been generated.
WARNING: [Common 17-576] 'use_project_ipc' is deprecated. This option is deprecated and no longer used.
INFO: [Coretcl 2-1648] Added synthesis output to IP cache for IP blk_mem_gen_0, cache-ID = 69a9d97c40e134f0
INFO: [Coretcl 2-1174] Renamed 156 cell refs.
Netlist sorting complete. Time (s): cpu = 00:00:00 ; elapsed = 00:00:00.002 . Memory (MB): peak = 1276.023 ; gain = 0.000
WARNING: [Constraints 18-5210] No constraints selected for write.
Resolution: This message can indicate that there are no constraints for the design, or it can indicate that the used_in flags are set such that the constraints are ignored. This later case is used when running synth_design to not write synthesis constraints to the resulting checkpoint. Instead, project constraints are read when the synthesized design is opened.
INFO: [Common 17-1381] The checkpoint 'D:/Documents/_Uni/2019-2020/Senior/VGA driver/Vivado/vga_driver/vga_driver.runs/blk_mem_gen_0_synth_1/blk_mem_gen_0.dcp' has been generated.
INFO: [runtcl-4] Executing : report_utilization -file blk_mem_gen_0_utilization_synth.rpt -pb blk_mem_gen_0_utilization_synth.pb
INFO: [Common 17-206] Exiting Vivado at Wed Jan 22 23:38:36 2020...
